#-----------------------------------------------------------
# Vivado v2016.2 (64-bit)
# SW Build 1577090 on Thu Jun  2 16:32:40 MDT 2016
# IP Build 1577682 on Fri Jun  3 12:00:54 MDT 2016
# Start of session at: Tue Mar 28 20:58:58 2017
# Process ID: 11556
# Current directory: C:/Users/Jash/Desktop/packaged joystick/managed_ip_project
# Command line: vivado.exe -gui_launcher_event rodinguilauncherevent16112 C:\Users\Jash\Desktop\packaged joystick\managed_ip_project\managed_ip_project.xpr
# Log file: C:/Users/Jash/Desktop/packaged joystick/managed_ip_project/vivado.log
# Journal file: C:/Users/Jash/Desktop/packaged joystick/managed_ip_project\vivado.jou
#-----------------------------------------------------------
start_gui
open_project {C:/Users/Jash/Desktop/packaged joystick/managed_ip_project/managed_ip_project.xpr}
Scanning sources...
Finished scanning sources
INFO: [IP_Flow 19-234] Refreshing IP repositories
INFO: [IP_Flow 19-1700] Loaded user IP repository 'c:/Users/Jash/Desktop/packaged joystick/ip_repo/packaged_joystick_1.0'.
INFO: [IP_Flow 19-2313] Loaded Vivado IP repository 'C:/Xilinx/Vivado/2016.2/data/ip'.
open_project: Time (s): cpu = 00:00:12 ; elapsed = 00:00:10 . Memory (MB): peak = 784.219 ; gain = 124.277
ipx::edit_ip_in_project -upgrade true -name packaged_joystick_v1_0_v1_0_project -directory {C:/Users/Jash/Desktop/packaged\ joystick/managed_ip_project/managed_ip_project.tmp/packaged_joystick_v1_0_v1_0_project} {c:/Users/Jash/Desktop/packaged joystick/ip_repo/packaged_joystick_1.0/component.xml}
INFO: [ProjectBase 1-489] The host OS only allows 260 characters in a normal path. The project is stored in a path with more than 80 characters. If you experience issues with IP, Block Designs, or files not being found, please consider moving the project to a location with a shorter path. Alternately consider using the OS subst command to map part of the path to a drive letter.
Current project path is 'c:/users/jash/desktop/packaged joystick/managed_ip_project/managed_ip_project.tmp/packaged_joystick_v1_0_v1_0_project'
INFO: [IP_Flow 19-234] Refreshing IP repositories
INFO: [IP_Flow 19-1704] No user IP repositories specified
INFO: [IP_Flow 19-2313] Loaded Vivado IP repository 'C:/Xilinx/Vivado/2016.2/data/ip'.
create_project: Time (s): cpu = 00:00:10 ; elapsed = 00:00:09 . Memory (MB): peak = 810.141 ; gain = 3.438
INFO: [IP_Flow 19-234] Refreshing IP repositories
INFO: [IP_Flow 19-1700] Loaded user IP repository 'c:/Users/Jash/Desktop/packaged joystick/ip_repo/packaged_joystick_1.0'.
INFO: [IP_Flow 19-795] Syncing license key meta-data
INFO: [IP_Flow 19-793] Syncing display name meta-data
INFO: [IP_Flow 19-798] Syncing taxonomy meta-data
ipx::edit_ip_in_project: Time (s): cpu = 00:00:14 ; elapsed = 00:00:12 . Memory (MB): peak = 810.141 ; gain = 3.438
update_compile_order -fileset sources_1
update_compile_order -fileset sim_1
current_project managed_ip_project
close_project
close_project: Time (s): cpu = 00:00:03 ; elapsed = 00:00:05 . Memory (MB): peak = 826.316 ; gain = 0.000
add_files -norecurse {{C:/Users/Jash/Desktop/packaged joystick/ip_repo/packaged_joystick_1.0/hdl/ssdCtrl.v} {C:/Users/Jash/Desktop/packaged joystick/ip_repo/packaged_joystick_1.0/hdl/Binary_To_BCD.v}}
update_compile_order -fileset sources_1
ipx::merge_project_changes files [ipx::current_core]
set_property core_revision 9 [ipx::current_core]
ipx::create_xgui_files [ipx::current_core]
ipx::update_checksums [ipx::current_core]
ipx::save_core [ipx::current_core]
exit
INFO: [Common 17-206] Exiting Vivado at Tue Mar 28 21:29:32 2017...
