#-----------------------------------------------------------
# Vivado v2016.2 (64-bit)
# SW Build 1577090 on Thu Jun  2 16:32:40 MDT 2016
# IP Build 1577682 on Fri Jun  3 12:00:54 MDT 2016
# Start of session at: Thu Mar 30 18:58:55 2017
# Process ID: 2880
# Current directory: C:/Xilinx/Projects/stable_puck_detection/managed_ip_project
# Command line: vivado.exe -gui_launcher_event rodinguilauncherevent10596 C:\Xilinx\Projects\stable_puck_detection\managed_ip_project\managed_ip_project.xpr
# Log file: C:/Xilinx/Projects/stable_puck_detection/managed_ip_project/vivado.log
# Journal file: C:/Xilinx/Projects/stable_puck_detection/managed_ip_project\vivado.jou
#-----------------------------------------------------------
start_gui
open_project C:/Xilinx/Projects/stable_puck_detection/managed_ip_project/managed_ip_project.xpr
Scanning sources...
Finished scanning sources
INFO: [IP_Flow 19-234] Refreshing IP repositories
INFO: [IP_Flow 19-1700] Loaded user IP repository 'c:/Xilinx/Projects/stable_puck_detection/ip_repo/stable_puck_detection_1.0'.
INFO: [IP_Flow 19-2313] Loaded Vivado IP repository 'C:/Xilinx/Vivado/2016.2/data/ip'.
open_project: Time (s): cpu = 00:00:11 ; elapsed = 00:00:11 . Memory (MB): peak = 779.871 ; gain = 120.520
ipx::edit_ip_in_project -upgrade true -name stable_puck_detection_v1_0_v1_0_project -directory C:/Xilinx/Projects/stable_puck_detection/managed_ip_project/managed_ip_project.tmp/stable_puck_detection_v1_0_v1_0_project c:/Xilinx/Projects/stable_puck_detection/ip_repo/stable_puck_detection_1.0/component.xml
INFO: [ProjectBase 1-489] The host OS only allows 260 characters in a normal path. The project is stored in a path with more than 80 characters. If you experience issues with IP, Block Designs, or files not being found, please consider moving the project to a location with a shorter path. Alternately consider using the OS subst command to map part of the path to a drive letter.
Current project path is 'c:/xilinx/projects/stable_puck_detection/managed_ip_project/managed_ip_project.tmp/stable_puck_detection_v1_0_v1_0_project'
INFO: [IP_Flow 19-234] Refreshing IP repositories
INFO: [IP_Flow 19-1704] No user IP repositories specified
INFO: [IP_Flow 19-2313] Loaded Vivado IP repository 'C:/Xilinx/Vivado/2016.2/data/ip'.
create_project: Time (s): cpu = 00:00:09 ; elapsed = 00:00:09 . Memory (MB): peak = 782.465 ; gain = 0.996
INFO: [IP_Flow 19-234] Refreshing IP repositories
INFO: [IP_Flow 19-1700] Loaded user IP repository 'c:/Xilinx/Projects/stable_puck_detection/ip_repo/stable_puck_detection_1.0'.
INFO: [IP_Flow 19-795] Syncing license key meta-data
INFO: [IP_Flow 19-793] Syncing display name meta-data
INFO: [IP_Flow 19-798] Syncing taxonomy meta-data
ipx::edit_ip_in_project: Time (s): cpu = 00:00:13 ; elapsed = 00:00:11 . Memory (MB): peak = 788.902 ; gain = 7.434
update_compile_order -fileset sources_1
update_compile_order -fileset sim_1
set_property core_revision 5 [ipx::current_core]
ipx::create_xgui_files [ipx::current_core]
ipx::update_checksums [ipx::current_core]
ipx::save_core [ipx::current_core]
close_project
****** Webtalk v2016.2 (64-bit)
  **** SW Build 1577090 on Thu Jun  2 16:32:40 MDT 2016
  **** IP Build 1577682 on Fri Jun  3 12:00:54 MDT 2016
    ** Copyright 1986-2016 Xilinx, Inc. All Rights Reserved.

source c:/xilinx/projects/stable_puck_detection/managed_ip_project/managed_ip_project.tmp/stable_puck_detection_v1_0_v1_0_project/stable_puck_detection_v1_0_v1_0_project.hw/webtalk/labtool_webtalk.tcl -notrace
INFO: [Common 17-206] Exiting Webtalk at Thu Mar 30 19:01:21 2017...
close_project: Time (s): cpu = 00:00:04 ; elapsed = 00:00:06 . Memory (MB): peak = 852.836 ; gain = 0.000
exit
INFO: [Common 17-206] Exiting Vivado at Thu Mar 30 19:01:25 2017...
