#-----------------------------------------------------------
# Vivado v2016.2 (64-bit)
# SW Build 1577090 on Thu Jun  2 16:32:40 MDT 2016
# IP Build 1577682 on Fri Jun  3 12:00:54 MDT 2016
# Start of session at: Wed Mar 29 13:22:22 2017
# Process ID: 9460
# Current directory: C:/Users/Jash/Desktop/packaged joystick/ip_repo
# Command line: vivado.exe -gui_launcher_event rodinguilauncherevent12684 C:\Users\Jash\Desktop\packaged joystick\ip_repo\edit_packaged_joystick_v1_0.xpr
# Log file: C:/Users/Jash/Desktop/packaged joystick/ip_repo/vivado.log
# Journal file: C:/Users/Jash/Desktop/packaged joystick/ip_repo\vivado.jou
#-----------------------------------------------------------
start_gui
open_project {C:/Users/Jash/Desktop/packaged joystick/ip_repo/edit_packaged_joystick_v1_0.xpr}
Scanning sources...
Finished scanning sources
INFO: [IP_Flow 19-234] Refreshing IP repositories
INFO: [IP_Flow 19-1700] Loaded user IP repository 'c:/Users/Jash/Desktop/packaged joystick/ip_repo/packaged_joystick_1.0'.
INFO: [IP_Flow 19-2313] Loaded Vivado IP repository 'C:/Xilinx/Vivado/2016.2/data/ip'.
open_project: Time (s): cpu = 00:00:15 ; elapsed = 00:00:11 . Memory (MB): peak = 808.590 ; gain = 154.453
update_compile_order -fileset sources_1
launch_runs synth_1 -jobs 2
INFO: [HDL 9-2216] Analyzing Verilog file "C:/Users/Jash/Desktop/packaged joystick/ip_repo/packaged_joystick_1.0/hdl/PmodJSTK_Demo.v" into library work [C:/Users/Jash/Desktop/packaged joystick/ip_repo/packaged_joystick_1.0/hdl/PmodJSTK_Demo.v:1]
[Wed Mar 29 13:36:43 2017] Launched synth_1...
Run output will be captured here: C:/Users/Jash/Desktop/packaged joystick/ip_repo/edit_packaged_joystick_v1_0.runs/synth_1/runme.log
launch_runs: Time (s): cpu = 00:00:01 ; elapsed = 00:00:14 . Memory (MB): peak = 817.578 ; gain = 0.000
ipx::open_ipxact_file {C:/Users/Jash/Desktop/packaged joystick/ip_repo/packaged_joystick_1.0/component.xml}
ipx::merge_project_changes hdl_parameters [ipx::current_core]
set_property core_revision 10 [ipx::current_core]
ipx::create_xgui_files [ipx::current_core]
ipx::update_checksums [ipx::current_core]
ipx::save_core [ipx::current_core]
update_ip_catalog -rebuild -repo_path {c:/Users/Jash/Desktop/packaged joystick/ip_repo/packaged_joystick_1.0}
INFO: [IP_Flow 19-725] Reloaded user IP repository 'c:/Users/Jash/Desktop/packaged joystick/ip_repo/packaged_joystick_1.0'
exit
INFO: [Common 17-206] Exiting Vivado at Wed Mar 29 13:38:38 2017...
