Copyright 1986-2016 Xilinx, Inc. All Rights Reserved.
-----------------------------------------------------------------------------------------------
| Tool Version      : Vivado v.2016.2 (win64) Build 1577090 Thu Jun  2 16:32:40 MDT 2016
| Date              : Thu Mar 30 20:43:46 2017
| Host              : RLIN-GAMING running 64-bit major release  (build 9200)
| Command           : report_clock_utilization -file hdmi_wrapper_clock_utilization_routed.rpt
| Design            : hdmi_wrapper
| Device            : 7a200t-sbg484
| Speed File        : -1  PRODUCTION 1.14 2014-09-11
| Temperature Grade : C
-----------------------------------------------------------------------------------------------

Clock Utilization Report

Table of Contents
-----------------
1. Clock Primitive Utilization
2. Global Clock Resources
3. Global Clock Source Details
4. Local Clock Details
5. Clock Regions: Key Resource Utilization
6. Clock Regions : Global Clock Summary
7. Cell Type Counts per Global Clock: Region X0Y1
8. Cell Type Counts per Global Clock: Region X1Y1
9. Cell Type Counts per Global Clock: Region X0Y2
10. Cell Type Counts per Global Clock: Region X1Y2
11. Cell Type Counts per Global Clock: Region X0Y3
12. Cell Type Counts per Global Clock: Region X1Y3
13. Cell Type Counts per Global Clock: Region X0Y4
14. Cell Type Counts per Global Clock: Region X1Y4
15. Load Cell Placement Summary for Global Clock g0
16. Load Cell Placement Summary for Global Clock g1
17. Load Cell Placement Summary for Global Clock g2
18. Load Cell Placement Summary for Global Clock g4
19. Load Cell Placement Summary for Global Clock g6
20. Load Cell Placement Summary for Global Clock g7
21. Load Cell Placement Summary for Global Clock g8
22. Load Cell Placement Summary for Global Clock g9
23. Load Cell Placement Summary for Global Clock g10
24. Load Cell Placement Summary for Global Clock g11
25. Load Cell Placement Summary for Global Clock g12
26. Load Cell Placement Summary for Global Clock g5
27. Load Cell Placement Summary for Global Clock g3
28. Load Cell Placement Summary for Global Clock g13
29. Load Cell Placement Summary for Global Clock g14
30. Load Cell Placement Summary for Global Clock g15

1. Clock Primitive Utilization
------------------------------

+----------+------+-----------+-----+--------------+--------+
| Type     | Used | Available | LOC | Clock Region | Pblock |
+----------+------+-----------+-----+--------------+--------+
| BUFGCTRL |   10 |        32 |   0 |            0 |      0 |
| BUFH     |    1 |       120 |   0 |            0 |      0 |
| BUFIO    |    2 |        40 |   0 |            0 |      0 |
| BUFMR    |    1 |        20 |   0 |            0 |      0 |
| BUFR     |    2 |        40 |   0 |            0 |      0 |
| MMCM     |    3 |        10 |   1 |            0 |      0 |
| PLL      |    2 |        10 |   1 |            0 |      0 |
+----------+------+-----------+-----+--------------+--------+


2. Global Clock Resources
-------------------------

+-------+-------+-----------------+------------+----------------+--------------+------+-------------------+---------------+-------------+-----------------+--------------+---------------------------------------------------------------------+------------------------------------------------------------------------------------------------------------------+---------------------------------------------------------------------------------------------+
| GlbID | SrcId | Driver Type/Pin | Constraint | Site           | Clock Region | Root | Clock Delay Group | Clock Regions | Clock Loads | Non-Clock Loads | Clock Period | Clock                                                               | Driver Pin                                                                                                       | Net                                                                                         |
+-------+-------+-----------------+------------+----------------+--------------+------+-------------------+---------------+-------------+-----------------+--------------+---------------------------------------------------------------------+------------------------------------------------------------------------------------------------------------------+---------------------------------------------------------------------------------------------+
| g0    | src0  | BUFG/O          | None       | BUFGCTRL_X0Y16 | n/a          |      |                   |             8 |       36292 |               0 |       10.000 | Multiple                                                            | hdmi_i/mig_7series_0/u_hdmi_mig_7series_0_0_mig/u_ddr3_infrastructure/u_bufg_clkdiv0/O                           | hdmi_i/mig_7series_0/u_hdmi_mig_7series_0_0_mig/u_ddr3_infrastructure/CLK                   |
| g1    | src0  | BUFG/O          | None       | BUFGCTRL_X0Y20 | n/a          |      |                   |             5 |        7116 |               0 |        6.250 | Multiple                                                            | hdmi_i/mig_7series_0/u_hdmi_mig_7series_0_0_mig/u_ddr3_infrastructure/gen_ui_extra_clocks.u_bufg_ui_addn_clk_0/O | hdmi_i/mig_7series_0/u_hdmi_mig_7series_0_0_mig/u_ddr3_infrastructure/ui_addn_clk_0         |
| g2    | src1  | BUFR/O          | None       | BUFR_X1Y8      | X1Y2         |      |                   |             1 |        2638 |               0 |       10.000 | Multiple                                                            | hdmi_i/axi_dynclk_0/U0/BUFR_inst/O                                                                               | hdmi_i/axi_dynclk_0/U0/PXL_CLK_O                                                            |
| g3    | src1  | BUFIO/O         | None       | BUFIO_X1Y8     | X1Y2         |      |                   |             1 |           8 |               0 |        2.000 | Multiple                                                            | hdmi_i/axi_dynclk_0/U0/BUFIO_inst/O                                                                              | hdmi_i/axi_dynclk_0/U0/PXL_CLK_5X_O                                                         |
| g4    | src2  | BUFR/O          | None       | BUFR_X1Y9      | X1Y2         |      |                   |             1 |        2531 |               0 |       12.500 | dvi2rgb_0_PixelClk                                                  | hdmi_i/dvi2rgb_0/U0/TMDS_ClockingX/PixelClkBuffer/O                                                              | hdmi_i/dvi2rgb_0/U0/TMDS_ClockingX/CLK                                                      |
| g5    | src2  | BUFIO/O         | None       | BUFIO_X1Y9     | X1Y2         |      |                   |             1 |          12 |               0 |        2.500 | I                                                                   | hdmi_i/dvi2rgb_0/U0/TMDS_ClockingX/SerialClkBuffer/O                                                             | hdmi_i/dvi2rgb_0/U0/TMDS_ClockingX/SerialClk                                                |
| g6    | src3  | BUFG/O          | None       | BUFGCTRL_X0Y17 | n/a          |      |                   |             2 |         362 |               0 |       81.373 | Multiple                                                            | hdmi_i/d_axi_i2s_audio_0/U0/d_axi_i2s_audio_v2_0_AXI_L_inst/Inst_I2sCtl/Inst_Dcm/clkout1_buf/O                   | hdmi_i/d_axi_i2s_audio_0/U0/d_axi_i2s_audio_v2_0_AXI_L_inst/Inst_I2sCtl/Inst_Dcm/CLK_12_288 |
| g7    | src4  | BUFG/O          | None       | BUFGCTRL_X0Y0  | n/a          |      |                   |             2 |         319 |               0 |       33.333 | hdmi_i/mdm_1/U0/Use_E2.BSCANE2_I/DRCK                               | hdmi_i/mdm_1/U0/No_Dbg_Reg_Access.BUFG_DRCK/O                                                                    | hdmi_i/mdm_1/U0/Ext_JTAG_DRCK                                                               |
| g8    | src5  | BUFG/O          | None       | BUFGCTRL_X0Y1  | n/a          |      |                   |             1 |         269 |               0 |       30.000 | dbg_hub/inst/N_EXT_BSCAN.bscan_inst/SERIES7_BSCAN.bscan_inst/DRCK   | dbg_hub/inst/N_EXT_BSCAN.u_bufg_icon/O                                                                           | dbg_hub/inst/idrck                                                                          |
| g9    | src0  | BUFG/O          | None       | BUFGCTRL_X0Y18 | n/a          |      |                   |             3 |         223 |               0 |        5.000 | Multiple                                                            | hdmi_i/mig_7series_0/u_hdmi_mig_7series_0_0_mig/u_ddr3_infrastructure/gen_ui_extra_clocks.u_bufg_ui_addn_clk_1/O | hdmi_i/mig_7series_0/u_hdmi_mig_7series_0_0_mig/u_ddr3_infrastructure/ui_addn_clk_1         |
| g10   | src6  | BUFG/O          | None       | BUFGCTRL_X0Y2  | n/a          |      |                   |             2 |         101 |               0 |              |                                                                     | hdmi_i/packaged_joystick_0/SS_reg_i_3/O                                                                          | hdmi_i/packaged_joystick_0/PmodJSTK_Demo_M1/PmodJSTK_Int/iSCLK                              |
| g11   | src4  | BUFG/O          | None       | BUFGCTRL_X0Y3  | n/a          |      |                   |             1 |          94 |               0 |       33.333 | hdmi_i/mdm_1/U0/Use_E2.BSCANE2_I/UPDATE                             | hdmi_i/mdm_1/U0/Ext_JTAG_UPDATE_BUFG_inst/O                                                                      | hdmi_i/mdm_1/U0/Ext_JTAG_UPDATE                                                             |
| g12   | src0  | BUFG/O          | None       | BUFGCTRL_X0Y19 | n/a          |      |                   |             2 |          16 |               0 |       20.000 | Multiple                                                            | hdmi_i/mig_7series_0/u_hdmi_mig_7series_0_0_mig/u_ddr3_infrastructure/gen_ui_extra_clocks.u_bufg_mmcm_ps_clk/O   | hdmi_i/mig_7series_0/u_hdmi_mig_7series_0_0_mig/u_ddr3_infrastructure/mmcm_ps_clk           |
| g13   | src5  | BUFG/O          | None       | BUFGCTRL_X0Y4  | n/a          |      |                   |             1 |           1 |               0 |       60.000 | dbg_hub/inst/N_EXT_BSCAN.bscan_inst/SERIES7_BSCAN.bscan_inst/UPDATE | dbg_hub/inst/N_EXT_BSCAN.u_bufg_icon_update/O                                                                    | dbg_hub/inst/UPDATE_temp                                                                    |
| g14   | src7  | BUFMR/O         | None       | BUFMRCE_X1Y2   | X1Y1         |      |                   |             1 |           1 |               1 |        2.000 | Multiple                                                            | hdmi_i/axi_dynclk_0/U0/BUFMR_inst/O                                                                              | hdmi_i/axi_dynclk_0/U0/I                                                                    |
| g15   | src8  | BUFH/O          | None       | BUFHCE_X1Y36   | X1Y3         |      |                   |             1 |           1 |               0 |       10.000 | Multiple                                                            | hdmi_i/mig_7series_0/u_hdmi_mig_7series_0_0_mig/u_ddr3_infrastructure/u_bufh_pll_clk3/O                          | hdmi_i/mig_7series_0/u_hdmi_mig_7series_0_0_mig/u_ddr3_infrastructure/pll_clk3              |
+-------+-------+-----------------+------------+----------------+--------------+------+-------------------+---------------+-------------+-----------------+--------------+---------------------------------------------------------------------+------------------------------------------------------------------------------------------------------------------+---------------------------------------------------------------------------------------------+
* Note: Multiple constraint types applied to the driver. Please check for potential conflicts.


3. Global Clock Source Details
------------------------------

+-------+--------+---------------------+-----------------+-----------------+--------------+-------------+-----------------+---------------------+---------------------------------------------------------------------+-----------------------------------------------------------------------------------------------------------+-------------------------------------------------------------------------------------------+
| SrcID | GlbIDs | Driver Type/Pin     | Constraint      | Site            | Clock Region | Clock Loads | Non-Clock Loads | Source Clock Period | Source Clock                                                        | Driver Pin                                                                                                | Net                                                                                       |
+-------+--------+---------------------+-----------------+-----------------+--------------+-------------+-----------------+---------------------+---------------------------------------------------------------------+-----------------------------------------------------------------------------------------------------------+-------------------------------------------------------------------------------------------+
| src0  | g0     | MMCME2_ADV/CLKFBOUT | MMCME2_ADV_X1Y3 | MMCME2_ADV_X1Y3 | X1Y3         |           0 |               1 |              10.000 | Multiple                                                            | hdmi_i/mig_7series_0/u_hdmi_mig_7series_0_0_mig/u_ddr3_infrastructure/gen_ui_extra_clocks.mmcm_i/CLKFBOUT | hdmi_i/mig_7series_0/u_hdmi_mig_7series_0_0_mig/u_ddr3_infrastructure/clk_pll_i           |
| src0  | g1     | MMCME2_ADV/CLKOUT0  | MMCME2_ADV_X1Y3 | MMCME2_ADV_X1Y3 | X1Y3         |           0 |               1 |               6.250 | Multiple                                                            | hdmi_i/mig_7series_0/u_hdmi_mig_7series_0_0_mig/u_ddr3_infrastructure/gen_ui_extra_clocks.mmcm_i/CLKOUT0  | hdmi_i/mig_7series_0/u_hdmi_mig_7series_0_0_mig/u_ddr3_infrastructure/mmcm_clkout0        |
| src0  | g9     | MMCME2_ADV/CLKOUT1  | MMCME2_ADV_X1Y3 | MMCME2_ADV_X1Y3 | X1Y3         |           0 |               1 |               5.000 | Multiple                                                            | hdmi_i/mig_7series_0/u_hdmi_mig_7series_0_0_mig/u_ddr3_infrastructure/gen_ui_extra_clocks.mmcm_i/CLKOUT1  | hdmi_i/mig_7series_0/u_hdmi_mig_7series_0_0_mig/u_ddr3_infrastructure/mmcm_clkout1        |
| src0  | g12    | MMCME2_ADV/CLKOUT5  | MMCME2_ADV_X1Y3 | MMCME2_ADV_X1Y3 | X1Y3         |           0 |               1 |              20.000 | Multiple                                                            | hdmi_i/mig_7series_0/u_hdmi_mig_7series_0_0_mig/u_ddr3_infrastructure/gen_ui_extra_clocks.mmcm_i/CLKOUT5  | hdmi_i/mig_7series_0/u_hdmi_mig_7series_0_0_mig/u_ddr3_infrastructure/mmcm_ps_clk_bufg_in |
| src1  | g2, g3 | BUFMR/O             | None            | BUFMRCE_X1Y2    | X1Y1         |           1 |               1 |               2.000 | Multiple                                                            | hdmi_i/axi_dynclk_0/U0/BUFMR_inst/O                                                                       | hdmi_i/axi_dynclk_0/U0/I                                                                  |
| src2  | g4, g5 | MMCME2_ADV/CLKOUT0  | None            | MMCME2_ADV_X1Y2 | X1Y2         |           1 |               1 |               2.500 | I                                                                   | hdmi_i/dvi2rgb_0/U0/TMDS_ClockingX/DVI_ClkGenerator/CLKOUT0                                               | hdmi_i/dvi2rgb_0/U0/TMDS_ClockingX/I                                                      |
| src3  | g6     | PLLE2_ADV/CLKOUT0   | None            | PLLE2_ADV_X0Y4  | X0Y4         |           0 |               1 |              81.373 | Multiple                                                            | hdmi_i/d_axi_i2s_audio_0/U0/d_axi_i2s_audio_v2_0_AXI_L_inst/Inst_I2sCtl/Inst_Dcm/plle2_adv_inst/CLKOUT0   | hdmi_i/d_axi_i2s_audio_0/U0/d_axi_i2s_audio_v2_0_AXI_L_inst/Inst_I2sCtl/Inst_Dcm/clkout0  |
| src4  | g11    | BSCANE2/UPDATE      | None            | BSCAN_X0Y1      | X0Y2         |           0 |               1 |              33.333 | hdmi_i/mdm_1/U0/Use_E2.BSCANE2_I/UPDATE                             | hdmi_i/mdm_1/U0/Use_E2.BSCANE2_I/UPDATE                                                                   | hdmi_i/mdm_1/U0/Ext_JTAG_UPDATE__0                                                        |
| src4  | g7     | BSCANE2/DRCK        | None            | BSCAN_X0Y1      | X0Y2         |           0 |               1 |              33.333 | hdmi_i/mdm_1/U0/Use_E2.BSCANE2_I/DRCK                               | hdmi_i/mdm_1/U0/Use_E2.BSCANE2_I/DRCK                                                                     | hdmi_i/mdm_1/U0/I                                                                         |
| src5  | g8     | BSCANE2/DRCK        | None            | BSCAN_X0Y0      | X0Y2         |           0 |               1 |              30.000 | dbg_hub/inst/N_EXT_BSCAN.bscan_inst/SERIES7_BSCAN.bscan_inst/DRCK   | dbg_hub/inst/N_EXT_BSCAN.bscan_inst/SERIES7_BSCAN.bscan_inst/DRCK                                         | dbg_hub/inst/N_EXT_BSCAN.bscan_inst/DRCK                                                  |
| src5  | g13    | BSCANE2/UPDATE      | None            | BSCAN_X0Y0      | X0Y2         |           0 |               1 |              60.000 | dbg_hub/inst/N_EXT_BSCAN.bscan_inst/SERIES7_BSCAN.bscan_inst/UPDATE | dbg_hub/inst/N_EXT_BSCAN.bscan_inst/SERIES7_BSCAN.bscan_inst/UPDATE                                       | dbg_hub/inst/N_EXT_BSCAN.bscan_inst/UPDATE                                                |
| src6  | g10    | FDRE/Q              | None            | SLICE_X22Y143   | X0Y2         |           0 |               3 |                     |                                                                     | hdmi_i/packaged_joystick_0/inst/PmodJSTK_Demo_M1/PmodJSTK_Int/SerialClock/CLKOUT_reg/Q                    | hdmi_i/packaged_joystick_0/inst/PmodJSTK_Demo_M1/PmodJSTK_Int/SerialClock/CLKOUT_reg_0    |
| src7  | g14    | MMCME2_ADV/CLKOUT0  | None            | MMCME2_ADV_X1Y1 | X1Y1         |           0 |               1 |               2.000 | Multiple                                                            | hdmi_i/axi_dynclk_0/U0/Inst_mmcme2_drp/mmcm_adv_inst/CLKOUT0                                              | hdmi_i/axi_dynclk_0/U0/Inst_mmcme2_drp/mmcm_clk                                           |
| src8  | g15    | PLLE2_ADV/CLKOUT3   | PLLE2_ADV_X1Y3  | PLLE2_ADV_X1Y3  | X1Y3         |           1 |               0 |              10.000 | Multiple                                                            | hdmi_i/mig_7series_0/u_hdmi_mig_7series_0_0_mig/u_ddr3_infrastructure/plle2_i/CLKOUT3                     | hdmi_i/mig_7series_0/u_hdmi_mig_7series_0_0_mig/u_ddr3_infrastructure/pll_clk3_out        |
+-------+--------+---------------------+-----------------+-----------------+--------------+-------------+-----------------+---------------------+---------------------------------------------------------------------+-----------------------------------------------------------------------------------------------------------+-------------------------------------------------------------------------------------------+
* Note: Multiple constraint types applied to the driver. Please check for potential conflicts.


4. Local Clock Details
----------------------

+-------+----------------------------+----------------------+-------------------------------------+--------------+-------------+-----------------+--------------+----------+-------------------------------------------------------------------------------------------------------------------------------------------------------------------------------------------------------------------------------------------------------------------------------------------------+-------------------------------------------------------------------------------------------------------------------------------------------------------------------------------------------------------------------------------------------------+
| LocId | Driver Type/Pin            | Constraint           | Site/BEL                            | Clock Region | Clock Loads | Non-Clock Loads | Clock Period | Clock    | Driver Pin                                                                                                                                                                                                                                                                                      | Net                                                                                                                                                                                                                                             |
+-------+----------------------------+----------------------+-------------------------------------+--------------+-------------+-----------------+--------------+----------+-------------------------------------------------------------------------------------------------------------------------------------------------------------------------------------------------------------------------------------------------------------------------------------------------+-------------------------------------------------------------------------------------------------------------------------------------------------------------------------------------------------------------------------------------------------+
| 0     | RAMB18E1/DOBDO[11]         | None                 | RAMB18_X5Y56/RAMB18E1               | X1Y2         |          32 |               3 |              |          | hdmi_i/v_vid_in_axi4s_0/inst/COUPLER_INST/FIFO_INST/inst_fifo_gen/gconvfifo.rf/grf.rf/gntv_or_sync_fifo.mem/gbm.gbmg.gbmgb.ngecc.bmg/inst_blk_mem_gen/gnbram.gnativebmg.native_blk_mem_gen/valid.cstr/ramloop[0].ram.r/prim_noinit.ram/DEVICE_7SERIES.NO_BMM_INFO.SDP.WIDE_PRIM18.ram/DOBDO[11] | hdmi_i/v_vid_in_axi4s_0/inst/COUPLER_INST/FIFO_INST/inst_fifo_gen/gconvfifo.rf/grf.rf/gntv_or_sync_fifo.mem/gbm.gbmg.gbmgb.ngecc.bmg/inst_blk_mem_gen/gnbram.gnativebmg.native_blk_mem_gen/valid.cstr/ramloop[0].ram.r/prim_noinit.ram/dout[24] |
| 1     | PHASER_OUT_PHY/OCLK        | PHASER_OUT_PHY_X1Y14 | PHASER_OUT_PHY_X1Y14/PHASER_OUT_PHY | X1Y3         |          18 |               0 |        2.500 | Multiple | hdmi_i/mig_7series_0/u_hdmi_mig_7series_0_0_mig/u_memc_ui_top_axi/mem_intfc0/ddr_phy_top0/u_ddr_mc_phy_wrapper/u_ddr_mc_phy/ddr_phy_4lanes_0.u_ddr_phy_4lanes/ddr_byte_lane_C.ddr_byte_lane_C/phaser_out/OCLK                                                                                   | hdmi_i/mig_7series_0/u_hdmi_mig_7series_0_0_mig/u_memc_ui_top_axi/mem_intfc0/ddr_phy_top0/u_ddr_mc_phy_wrapper/u_ddr_mc_phy/ddr_phy_4lanes_0.u_ddr_phy_4lanes/ddr_byte_lane_C.ddr_byte_lane_C/oserdes_clk                                       |
| 2     | PHASER_OUT_PHY/OCLK        | PHASER_OUT_PHY_X1Y15 | PHASER_OUT_PHY_X1Y15/PHASER_OUT_PHY | X1Y3         |          18 |               0 |        2.500 | Multiple | hdmi_i/mig_7series_0/u_hdmi_mig_7series_0_0_mig/u_memc_ui_top_axi/mem_intfc0/ddr_phy_top0/u_ddr_mc_phy_wrapper/u_ddr_mc_phy/ddr_phy_4lanes_0.u_ddr_phy_4lanes/ddr_byte_lane_D.ddr_byte_lane_D/phaser_out/OCLK                                                                                   | hdmi_i/mig_7series_0/u_hdmi_mig_7series_0_0_mig/u_memc_ui_top_axi/mem_intfc0/ddr_phy_top0/u_ddr_mc_phy_wrapper/u_ddr_mc_phy/ddr_phy_4lanes_0.u_ddr_phy_4lanes/ddr_byte_lane_D.ddr_byte_lane_D/oserdes_clk                                       |
| 3     | PHASER_IN_PHY/ICLK         | PHASER_IN_PHY_X1Y14  | PHASER_IN_PHY_X1Y14/PHASER_IN_PHY   | X1Y3         |          16 |               0 |        2.500 | Multiple | hdmi_i/mig_7series_0/u_hdmi_mig_7series_0_0_mig/u_memc_ui_top_axi/mem_intfc0/ddr_phy_top0/u_ddr_mc_phy_wrapper/u_ddr_mc_phy/ddr_phy_4lanes_0.u_ddr_phy_4lanes/ddr_byte_lane_C.ddr_byte_lane_C/phaser_in_gen.phaser_in/ICLK                                                                      | hdmi_i/mig_7series_0/u_hdmi_mig_7series_0_0_mig/u_memc_ui_top_axi/mem_intfc0/ddr_phy_top0/u_ddr_mc_phy_wrapper/u_ddr_mc_phy/ddr_phy_4lanes_0.u_ddr_phy_4lanes/ddr_byte_lane_C.ddr_byte_lane_C/dq_gen_40.if_post_fifo_gen.if_empty_r_reg[0]_0    |
| 4     | PHASER_IN_PHY/ICLK         | PHASER_IN_PHY_X1Y15  | PHASER_IN_PHY_X1Y15/PHASER_IN_PHY   | X1Y3         |          16 |               0 |        2.500 | Multiple | hdmi_i/mig_7series_0/u_hdmi_mig_7series_0_0_mig/u_memc_ui_top_axi/mem_intfc0/ddr_phy_top0/u_ddr_mc_phy_wrapper/u_ddr_mc_phy/ddr_phy_4lanes_0.u_ddr_phy_4lanes/ddr_byte_lane_D.ddr_byte_lane_D/phaser_in_gen.phaser_in/ICLK                                                                      | hdmi_i/mig_7series_0/u_hdmi_mig_7series_0_0_mig/u_memc_ui_top_axi/mem_intfc0/ddr_phy_top0/u_ddr_mc_phy_wrapper/u_ddr_mc_phy/ddr_phy_4lanes_0.u_ddr_phy_4lanes/ddr_byte_lane_D.ddr_byte_lane_D/dq_gen_40.if_post_fifo_gen.if_empty_r_reg[0]_0    |
| 5     | PHASER_OUT_PHY/OCLKDIV     | PHASER_OUT_PHY_X1Y13 | PHASER_OUT_PHY_X1Y13/PHASER_OUT_PHY | X1Y3         |          13 |               0 |       10.000 | Multiple | hdmi_i/mig_7series_0/u_hdmi_mig_7series_0_0_mig/u_memc_ui_top_axi/mem_intfc0/ddr_phy_top0/u_ddr_mc_phy_wrapper/u_ddr_mc_phy/ddr_phy_4lanes_0.u_ddr_phy_4lanes/ddr_byte_lane_B.ddr_byte_lane_B/phaser_out/OCLKDIV                                                                                | hdmi_i/mig_7series_0/u_hdmi_mig_7series_0_0_mig/u_memc_ui_top_axi/mem_intfc0/ddr_phy_top0/u_ddr_mc_phy_wrapper/u_ddr_mc_phy/ddr_phy_4lanes_0.u_ddr_phy_4lanes/ddr_byte_lane_B.ddr_byte_lane_B/oserdes_clkdiv                                    |
| 6     | PHASER_OUT_PHY/OCLK        | PHASER_OUT_PHY_X1Y12 | PHASER_OUT_PHY_X1Y12/PHASER_OUT_PHY | X1Y3         |          12 |               0 |        2.500 | Multiple | hdmi_i/mig_7series_0/u_hdmi_mig_7series_0_0_mig/u_memc_ui_top_axi/mem_intfc0/ddr_phy_top0/u_ddr_mc_phy_wrapper/u_ddr_mc_phy/ddr_phy_4lanes_0.u_ddr_phy_4lanes/ddr_byte_lane_A.ddr_byte_lane_A/phaser_out/OCLK                                                                                   | hdmi_i/mig_7series_0/u_hdmi_mig_7series_0_0_mig/u_memc_ui_top_axi/mem_intfc0/ddr_phy_top0/u_ddr_mc_phy_wrapper/u_ddr_mc_phy/ddr_phy_4lanes_0.u_ddr_phy_4lanes/ddr_byte_lane_A.ddr_byte_lane_A/oserdes_clk                                       |
| 7     | PHASER_OUT_PHY/OCLKDIV     | PHASER_OUT_PHY_X1Y12 | PHASER_OUT_PHY_X1Y12/PHASER_OUT_PHY | X1Y3         |          12 |               0 |       10.000 | Multiple | hdmi_i/mig_7series_0/u_hdmi_mig_7series_0_0_mig/u_memc_ui_top_axi/mem_intfc0/ddr_phy_top0/u_ddr_mc_phy_wrapper/u_ddr_mc_phy/ddr_phy_4lanes_0.u_ddr_phy_4lanes/ddr_byte_lane_A.ddr_byte_lane_A/phaser_out/OCLKDIV                                                                                | hdmi_i/mig_7series_0/u_hdmi_mig_7series_0_0_mig/u_memc_ui_top_axi/mem_intfc0/ddr_phy_top0/u_ddr_mc_phy_wrapper/u_ddr_mc_phy/ddr_phy_4lanes_0.u_ddr_phy_4lanes/ddr_byte_lane_A.ddr_byte_lane_A/oserdes_clkdiv                                    |
| 8     | PHASER_OUT_PHY/OCLK        | PHASER_OUT_PHY_X1Y13 | PHASER_OUT_PHY_X1Y13/PHASER_OUT_PHY | X1Y3         |          12 |               0 |        2.500 | Multiple | hdmi_i/mig_7series_0/u_hdmi_mig_7series_0_0_mig/u_memc_ui_top_axi/mem_intfc0/ddr_phy_top0/u_ddr_mc_phy_wrapper/u_ddr_mc_phy/ddr_phy_4lanes_0.u_ddr_phy_4lanes/ddr_byte_lane_B.ddr_byte_lane_B/phaser_out/OCLK                                                                                   | hdmi_i/mig_7series_0/u_hdmi_mig_7series_0_0_mig/u_memc_ui_top_axi/mem_intfc0/ddr_phy_top0/u_ddr_mc_phy_wrapper/u_ddr_mc_phy/ddr_phy_4lanes_0.u_ddr_phy_4lanes/ddr_byte_lane_B.ddr_byte_lane_B/oserdes_clk                                       |
| 9     | PHASER_OUT_PHY/OCLKDIV     | PHASER_OUT_PHY_X1Y14 | PHASER_OUT_PHY_X1Y14/PHASER_OUT_PHY | X1Y3         |          11 |               0 |        5.000 | Multiple | hdmi_i/mig_7series_0/u_hdmi_mig_7series_0_0_mig/u_memc_ui_top_axi/mem_intfc0/ddr_phy_top0/u_ddr_mc_phy_wrapper/u_ddr_mc_phy/ddr_phy_4lanes_0.u_ddr_phy_4lanes/ddr_byte_lane_C.ddr_byte_lane_C/phaser_out/OCLKDIV                                                                                | hdmi_i/mig_7series_0/u_hdmi_mig_7series_0_0_mig/u_memc_ui_top_axi/mem_intfc0/ddr_phy_top0/u_ddr_mc_phy_wrapper/u_ddr_mc_phy/ddr_phy_4lanes_0.u_ddr_phy_4lanes/ddr_byte_lane_C.ddr_byte_lane_C/oserdes_clkdiv                                    |
| 10    | PHASER_OUT_PHY/OCLKDIV     | PHASER_OUT_PHY_X1Y15 | PHASER_OUT_PHY_X1Y15/PHASER_OUT_PHY | X1Y3         |          11 |               0 |        5.000 | Multiple | hdmi_i/mig_7series_0/u_hdmi_mig_7series_0_0_mig/u_memc_ui_top_axi/mem_intfc0/ddr_phy_top0/u_ddr_mc_phy_wrapper/u_ddr_mc_phy/ddr_phy_4lanes_0.u_ddr_phy_4lanes/ddr_byte_lane_D.ddr_byte_lane_D/phaser_out/OCLKDIV                                                                                | hdmi_i/mig_7series_0/u_hdmi_mig_7series_0_0_mig/u_memc_ui_top_axi/mem_intfc0/ddr_phy_top0/u_ddr_mc_phy_wrapper/u_ddr_mc_phy/ddr_phy_4lanes_0.u_ddr_phy_4lanes/ddr_byte_lane_D.ddr_byte_lane_D/oserdes_clkdiv                                    |
| 11    | PHASER_IN_PHY/ICLKDIV      | PHASER_IN_PHY_X1Y14  | PHASER_IN_PHY_X1Y14/PHASER_IN_PHY   | X1Y3         |           9 |               0 |        5.000 | Multiple | hdmi_i/mig_7series_0/u_hdmi_mig_7series_0_0_mig/u_memc_ui_top_axi/mem_intfc0/ddr_phy_top0/u_ddr_mc_phy_wrapper/u_ddr_mc_phy/ddr_phy_4lanes_0.u_ddr_phy_4lanes/ddr_byte_lane_C.ddr_byte_lane_C/phaser_in_gen.phaser_in/ICLKDIV                                                                   | hdmi_i/mig_7series_0/u_hdmi_mig_7series_0_0_mig/u_memc_ui_top_axi/mem_intfc0/ddr_phy_top0/u_ddr_mc_phy_wrapper/u_ddr_mc_phy/ddr_phy_4lanes_0.u_ddr_phy_4lanes/ddr_byte_lane_C.ddr_byte_lane_C/iserdes_clkdiv                                    |
| 12    | PHASER_IN_PHY/ICLKDIV      | PHASER_IN_PHY_X1Y15  | PHASER_IN_PHY_X1Y15/PHASER_IN_PHY   | X1Y3         |           9 |               0 |        5.000 | Multiple | hdmi_i/mig_7series_0/u_hdmi_mig_7series_0_0_mig/u_memc_ui_top_axi/mem_intfc0/ddr_phy_top0/u_ddr_mc_phy_wrapper/u_ddr_mc_phy/ddr_phy_4lanes_0.u_ddr_phy_4lanes/ddr_byte_lane_D.ddr_byte_lane_D/phaser_in_gen.phaser_in/ICLKDIV                                                                   | hdmi_i/mig_7series_0/u_hdmi_mig_7series_0_0_mig/u_memc_ui_top_axi/mem_intfc0/ddr_phy_top0/u_ddr_mc_phy_wrapper/u_ddr_mc_phy/ddr_phy_4lanes_0.u_ddr_phy_4lanes/ddr_byte_lane_D.ddr_byte_lane_D/iserdes_clkdiv                                    |
| 13    | FDCE/Q                     | None                 | SLICE_X36Y132/AFF                   | X0Y2         |           9 |               1 |              |          | hdmi_i/motor_ip_mar27_0/inst/motor_ip_mar27_v1_0_S00_AXI_inst/mc1/f1/clk_out_reg/Q                                                                                                                                                                                                              | hdmi_i/motor_ip_mar27_0/inst/motor_ip_mar27_v1_0_S00_AXI_inst/mc1/f1/CLK                                                                                                                                                                        |
| 14    | PLLE2_ADV/CLKOUT0          | PLLE2_ADV_X1Y3       | PLLE2_ADV_X1Y3/PLLE2_ADV            | X1Y3         |           5 |               2 |        2.500 | Multiple | hdmi_i/mig_7series_0/u_hdmi_mig_7series_0_0_mig/u_ddr3_infrastructure/plle2_i/CLKOUT0                                                                                                                                                                                                           | hdmi_i/mig_7series_0/u_hdmi_mig_7series_0_0_mig/u_ddr3_infrastructure/freq_refclk                                                                                                                                                               |
| 15    | PHASER_OUT_PHY/OCLKDELAYED | PHASER_OUT_PHY_X1Y14 | PHASER_OUT_PHY_X1Y14/PHASER_OUT_PHY | X1Y3         |           2 |               0 |        2.500 | Multiple | hdmi_i/mig_7series_0/u_hdmi_mig_7series_0_0_mig/u_memc_ui_top_axi/mem_intfc0/ddr_phy_top0/u_ddr_mc_phy_wrapper/u_ddr_mc_phy/ddr_phy_4lanes_0.u_ddr_phy_4lanes/ddr_byte_lane_C.ddr_byte_lane_C/phaser_out/OCLKDELAYED                                                                            | hdmi_i/mig_7series_0/u_hdmi_mig_7series_0_0_mig/u_memc_ui_top_axi/mem_intfc0/ddr_phy_top0/u_ddr_mc_phy_wrapper/u_ddr_mc_phy/ddr_phy_4lanes_0.u_ddr_phy_4lanes/ddr_byte_lane_C.ddr_byte_lane_C/oserdes_clk_delayed                               |
| 16    | PHASER_OUT_PHY/OCLKDELAYED | PHASER_OUT_PHY_X1Y15 | PHASER_OUT_PHY_X1Y15/PHASER_OUT_PHY | X1Y3         |           2 |               0 |        2.500 | Multiple | hdmi_i/mig_7series_0/u_hdmi_mig_7series_0_0_mig/u_memc_ui_top_axi/mem_intfc0/ddr_phy_top0/u_ddr_mc_phy_wrapper/u_ddr_mc_phy/ddr_phy_4lanes_0.u_ddr_phy_4lanes/ddr_byte_lane_D.ddr_byte_lane_D/phaser_out/OCLKDELAYED                                                                            | hdmi_i/mig_7series_0/u_hdmi_mig_7series_0_0_mig/u_memc_ui_top_axi/mem_intfc0/ddr_phy_top0/u_ddr_mc_phy_wrapper/u_ddr_mc_phy/ddr_phy_4lanes_0.u_ddr_phy_4lanes/ddr_byte_lane_D.ddr_byte_lane_D/oserdes_clk_delayed                               |
| 17    | PLLE2_ADV/CLKOUT1          | PLLE2_ADV_X1Y3       | PLLE2_ADV_X1Y3/PLLE2_ADV            | X1Y3         |           1 |               6 |        2.500 | Multiple | hdmi_i/mig_7series_0/u_hdmi_mig_7series_0_0_mig/u_ddr3_infrastructure/plle2_i/CLKOUT1                                                                                                                                                                                                           | hdmi_i/mig_7series_0/u_hdmi_mig_7series_0_0_mig/u_ddr3_infrastructure/mem_refclk                                                                                                                                                                |
+-------+----------------------------+----------------------+-------------------------------------+--------------+-------------+-----------------+--------------+----------+-------------------------------------------------------------------------------------------------------------------------------------------------------------------------------------------------------------------------------------------------------------------------------------------------+-------------------------------------------------------------------------------------------------------------------------------------------------------------------------------------------------------------------------------------------------+
* Note: Multiple constraint types applied to the driver. Please check for potential conflicts.


5. Clock Regions: Key Resource Utilization
------------------------------------------

+-------------------+--------------+--------------+--------------+--------------+--------------+--------------+--------------+--------------+--------------+--------------+--------------+--------------+--------------+--------------+--------------+
|                   | Global Clock |     BUFRs    |    BUFMRs    |    BUFIOs    |     MMCM     |      PLL     |      GT      |      PCI     |    ILOGIC    |    OLOGIC    |      FF      |     LUTM     |    RAMB18    |    RAMB36    |    DSP48E2   |
+-------------------+------+-------+------+-------+------+-------+------+-------+------+-------+------+-------+------+-------+------+-------+------+-------+------+-------+------+-------+------+-------+------+-------+------+-------+------+-------+
| Clock Region Name | Used | Avail | Used | Avail | Used | Avail | Used | Avail | Used | Avail | Used | Avail | Used | Avail | Used | Avail | Used | Avail | Used | Avail | Used | Avail | Used | Avail | Used | Avail | Used | Avail | Used | Avail |
+-------------------+------+-------+------+-------+------+-------+------+-------+------+-------+------+-------+------+-------+------+-------+------+-------+------+-------+------+-------+------+-------+------+-------+------+-------+------+-------+
| X0Y0              |    0 |    12 |    0 |     4 |    0 |     2 |    0 |     4 |    0 |     1 |    0 |     1 |    0 |     5 |    0 |     0 |    0 |    50 |    0 |    50 |    0 | 21600 |    0 |  3200 |    0 |     0 |    0 |    30 |    0 |    60 |
| X1Y0              |    0 |    12 |    0 |     4 |    0 |     2 |    0 |     4 |    0 |     1 |    0 |     1 |    0 |     5 |    0 |     0 |    0 |    50 |    0 |    50 |    0 | 20000 |    0 |  3200 |    0 |     0 |    0 |    20 |    0 |    40 |
| X0Y1              |    2 |    12 |    0 |     4 |    0 |     2 |    0 |     4 |    0 |     1 |    0 |     1 |    0 |     0 |    0 |     0 |    0 |    50 |    0 |    50 |    8 | 33600 |    2 |  5600 |    0 |     0 |    0 |    50 |    0 |   100 |
| X1Y1              |    1 |    12 |    0 |     4 |    0 |     2 |    0 |     4 |    1 |     1 |    0 |     1 |    0 |     0 |    0 |     0 |    0 |    50 |    0 |    50 |   51 | 32000 |    1 |  5600 |    0 |     0 |    0 |    40 |    0 |    80 |
| X0Y2              |    5 |    12 |    0 |     4 |    0 |     2 |    0 |     4 |    0 |     1 |    0 |     1 |    0 |     0 |    0 |     0 |    0 |    50 |    0 |    50 | 4309 | 28800 |  608 |  5600 |    0 |     0 |   13 |    50 |    0 |   100 |
| X1Y2              |    9 |    12 |    1 |     4 |    0 |     2 |    1 |     4 |    0 |     1 |    0 |     1 |    0 |     0 |    0 |     0 |    6 |    50 |    9 |    50 | 6440 | 32000 |  197 |  5600 |    0 |     0 |   11 |    40 |    0 |    80 |
| X0Y3              |    6 |    12 |    0 |     4 |    0 |     2 |    0 |     4 |    0 |     1 |    0 |     1 |    0 |     0 |    0 |     0 |    0 |    50 |    0 |    50 | 5973 | 28800 |  461 |  5600 |    0 |     0 |   26 |    50 |    6 |   100 |
| X1Y3              |    5 |    12 |    0 |     4 |    0 |     2 |    0 |     4 |    1 |     1 |    0 |     1 |    0 |     0 |    0 |     0 |   18 |    50 |   48 |    50 | 9126 | 32000 |  734 |  5600 |    0 |     0 |   19 |    40 |    0 |    80 |
| X0Y4              |    3 |    12 |    0 |     4 |    0 |     2 |    0 |     4 |    0 |     1 |    1 |     1 |    0 |     5 |    0 |     0 |    0 |    50 |    0 |    50 | 2045 | 20400 |   70 |  3000 |    0 |     0 |    1 |    25 |    3 |    60 |
| X1Y4              |    2 |    12 |    0 |     4 |    0 |     2 |    0 |     4 |    0 |     1 |    0 |     1 |    0 |     5 |    0 |     0 |    0 |    50 |    0 |    50 | 4130 | 20000 |   57 |  3200 |    0 |     0 |    0 |    20 |    0 |    40 |
+-------------------+------+-------+------+-------+------+-------+------+-------+------+-------+------+-------+------+-------+------+-------+------+-------+------+-------+------+-------+------+-------+------+-------+------+-------+------+-------+
* Used Global Clocks includes only global clock resources based on load placement but does not consider global clock resources used to traverse a clock region. Therefore the actual total of Used Global Clocks may be higher.
** RAMB36 site can be used as two RAMB18/FIFO18 sites.


6. Clock Regions : Global Clock Summary
---------------------------------------

+----+----+----+
|    | X0 | X1 |
+----+----+----+
| Y4 |  3 |  2 |
| Y3 |  6 |  5 |
| Y2 |  5 |  9 |
| Y1 |  2 |  1 |
| Y0 |  0 |  0 |
+----+----+----+
* Used Global Clocks includes only global clock resources based on load placement but does not consider global clock resources used to traverse a clock region. Therefore the actual total of Used Global Clocks may be higher.


7. Cell Type Counts per Global Clock: Region X0Y1
-------------------------------------------------

+-------+-------+-----------------+------------+-------------+-----------------+----+--------+------+-----+----+------+-----+---------+-------------------------------------------------------------------------------------+
| GlbID | Track | Driver Type/Pin | Constraint | Clock Loads | Non-Clock Loads | FF | LUTRAM | RAMB | DSP | GT | MMCM | PLL | Hard IP | Net                                                                                 |
+-------+-------+-----------------+------------+-------------+-----------------+----+--------+------+-----+----+------+-----+---------+-------------------------------------------------------------------------------------+
| g0    | n/a   | BUFG/O          | None       |           0 |               5 |  5 |      1 |    0 |   0 |  0 |    0 |   0 |       0 | hdmi_i/mig_7series_0/u_hdmi_mig_7series_0_0_mig/u_ddr3_infrastructure/CLK           |
| g1    | n/a   | BUFG/O          | None       |           0 |               3 |  3 |      1 |    0 |   0 |  0 |    0 |   0 |       0 | hdmi_i/mig_7series_0/u_hdmi_mig_7series_0_0_mig/u_ddr3_infrastructure/ui_addn_clk_0 |
+-------+-------+-----------------+------------+-------------+-----------------+----+--------+------+-----+----+------+-----+---------+-------------------------------------------------------------------------------------+
* Note: Multiple constraint types applied to the driver. Please check for potential conflicts.


8. Cell Type Counts per Global Clock: Region X1Y1
-------------------------------------------------

+-------+-------+-----------------+------------+-------------+-----------------+----+--------+------+-----+----+------+-----+---------+---------------------------------------------------------------------------+
| GlbID | Track | Driver Type/Pin | Constraint | Clock Loads | Non-Clock Loads | FF | LUTRAM | RAMB | DSP | GT | MMCM | PLL | Hard IP | Net                                                                       |
+-------+-------+-----------------+------------+-------------+-----------------+----+--------+------+-----+----+------+-----+---------+---------------------------------------------------------------------------+
| g0    | n/a   | BUFG/O          | None       |           1 |              51 | 51 |      1 |    0 |   0 |  0 |    1 |   0 |       0 | hdmi_i/mig_7series_0/u_hdmi_mig_7series_0_0_mig/u_ddr3_infrastructure/CLK |
+-------+-------+-----------------+------------+-------------+-----------------+----+--------+------+-----+----+------+-----+---------+---------------------------------------------------------------------------+
* Note: Multiple constraint types applied to the driver. Please check for potential conflicts.


9. Cell Type Counts per Global Clock: Region X0Y2
-------------------------------------------------

+-------+-------+-----------------+------------+-------------+-----------------+------+--------+------+-----+----+------+-----+---------+-------------------------------------------------------------------------------------+
| GlbID | Track | Driver Type/Pin | Constraint | Clock Loads | Non-Clock Loads | FF   | LUTRAM | RAMB | DSP | GT | MMCM | PLL | Hard IP | Net                                                                                 |
+-------+-------+-----------------+------------+-------------+-----------------+------+--------+------+-----+----+------+-----+---------+-------------------------------------------------------------------------------------+
| g0    | n/a   | BUFG/O          | None       |           0 |             967 |  965 |     15 |    2 |   0 |  0 |    0 |   0 |       0 | hdmi_i/mig_7series_0/u_hdmi_mig_7series_0_0_mig/u_ddr3_infrastructure/CLK           |
| g1    | n/a   | BUFG/O          | None       |           0 |            3069 | 3055 |    572 |   13 |   0 |  0 |    0 |   0 |       0 | hdmi_i/mig_7series_0/u_hdmi_mig_7series_0_0_mig/u_ddr3_infrastructure/ui_addn_clk_0 |
| g8    | n/a   | BUFG/O          | None       |           0 |             209 |  209 |     23 |    0 |   0 |  0 |    0 |   0 |       0 | dbg_hub/inst/idrck                                                                  |
| g10   | n/a   | BUFG/O          | None       |           0 |              42 |   42 |      2 |    0 |   0 |  0 |    0 |   0 |       0 | hdmi_i/packaged_joystick_0/PmodJSTK_Demo_M1/PmodJSTK_Int/iSCLK                      |
| g13   | n/a   | BUFG/O          | None       |           0 |               1 |    1 |      0 |    0 |   0 |  0 |    0 |   0 |       0 | dbg_hub/inst/UPDATE_temp                                                            |
+-------+-------+-----------------+------------+-------------+-----------------+------+--------+------+-----+----+------+-----+---------+-------------------------------------------------------------------------------------+
* Note: Multiple constraint types applied to the driver. Please check for potential conflicts.


10. Cell Type Counts per Global Clock: Region X1Y2
--------------------------------------------------

+-------+-------+-----------------+------------+-------------+-----------------+------+--------+------+-----+----+------+-----+---------+---------------------------------------------------------------------------------------------+
| GlbID | Track | Driver Type/Pin | Constraint | Clock Loads | Non-Clock Loads | FF   | LUTRAM | RAMB | DSP | GT | MMCM | PLL | Hard IP | Net                                                                                         |
+-------+-------+-----------------+------------+-------------+-----------------+------+--------+------+-----+----+------+-----+---------+---------------------------------------------------------------------------------------------+
| g0    | n/a   | BUFG/O          | None       |           0 |            2362 | 2357 |    101 |    5 |   0 |  0 |    0 |   0 |       0 | hdmi_i/mig_7series_0/u_hdmi_mig_7series_0_0_mig/u_ddr3_infrastructure/CLK                   |
| g1    | n/a   | BUFG/O          | None       |           0 |             454 |  446 |     45 |    6 |   0 |  0 |    0 |   0 |       0 | hdmi_i/mig_7series_0/u_hdmi_mig_7series_0_0_mig/u_ddr3_infrastructure/ui_addn_clk_0         |
| g2    | n/a   | BUFR/O          | None       |           0 |            1654 | 1640 |     22 |    5 |   0 |  0 |    0 |   0 |       0 | hdmi_i/axi_dynclk_0/U0/PXL_CLK_O                                                            |
| g4    | n/a   | BUFR/O          | None       |           0 |            1865 | 1855 |     27 |    0 |   0 |  0 |    0 |   0 |       0 | hdmi_i/dvi2rgb_0/U0/TMDS_ClockingX/CLK                                                      |
| g6    | n/a   | BUFG/O          | None       |           0 |               1 |    0 |      0 |    0 |   0 |  0 |    0 |   0 |       0 | hdmi_i/d_axi_i2s_audio_0/U0/d_axi_i2s_audio_v2_0_AXI_L_inst/Inst_I2sCtl/Inst_Dcm/CLK_12_288 |
| g9    | n/a   | BUFG/O          | None       |           0 |             149 |  148 |     10 |    0 |   0 |  0 |    0 |   0 |       0 | hdmi_i/mig_7series_0/u_hdmi_mig_7series_0_0_mig/u_ddr3_infrastructure/ui_addn_clk_1         |
| g5    | n/a   | BUFIO/O         | None       |           0 |               6 |    0 |      0 |    0 |   0 |  0 |    0 |   0 |       0 | hdmi_i/dvi2rgb_0/U0/TMDS_ClockingX/SerialClk                                                |
| g3    | n/a   | BUFIO/O         | None       |           0 |               8 |    0 |      0 |    0 |   0 |  0 |    0 |   0 |       0 | hdmi_i/axi_dynclk_0/U0/PXL_CLK_5X_O                                                         |
| g14   | n/a   | BUFMR/O         | None       |           2 |               0 |    0 |      0 |    0 |   0 |  0 |    0 |   0 |       0 | hdmi_i/axi_dynclk_0/U0/I                                                                    |
+-------+-------+-----------------+------------+-------------+-----------------+------+--------+------+-----+----+------+-----+---------+---------------------------------------------------------------------------------------------+
* Note: Multiple constraint types applied to the driver. Please check for potential conflicts.


11. Cell Type Counts per Global Clock: Region X0Y3
--------------------------------------------------

+-------+-------+-----------------+------------+-------------+-----------------+------+--------+------+-----+----+------+-----+---------+---------------------------------------------------------------------------------------------+
| GlbID | Track | Driver Type/Pin | Constraint | Clock Loads | Non-Clock Loads | FF   | LUTRAM | RAMB | DSP | GT | MMCM | PLL | Hard IP | Net                                                                                         |
+-------+-------+-----------------+------------+-------------+-----------------+------+--------+------+-----+----+------+-----+---------+---------------------------------------------------------------------------------------------+
| g0    | n/a   | BUFG/O          | None       |           0 |            5702 | 5667 |    400 |   26 |   6 |  0 |    0 |   0 |       0 | hdmi_i/mig_7series_0/u_hdmi_mig_7series_0_0_mig/u_ddr3_infrastructure/CLK                   |
| g1    | n/a   | BUFG/O          | None       |           0 |              76 |   75 |     43 |    1 |   0 |  0 |    0 |   0 |       0 | hdmi_i/mig_7series_0/u_hdmi_mig_7series_0_0_mig/u_ddr3_infrastructure/ui_addn_clk_0         |
| g6    | n/a   | BUFG/O          | None       |           0 |             197 |  190 |     17 |    6 |   0 |  0 |    0 |   0 |       0 | hdmi_i/d_axi_i2s_audio_0/U0/d_axi_i2s_audio_v2_0_AXI_L_inst/Inst_I2sCtl/Inst_Dcm/CLK_12_288 |
| g7    | n/a   | BUFG/O          | None       |           0 |               7 |    7 |      5 |    0 |   0 |  0 |    0 |   0 |       0 | hdmi_i/mdm_1/U0/Ext_JTAG_DRCK                                                               |
| g9    | n/a   | BUFG/O          | None       |           0 |              29 |   28 |      1 |    0 |   0 |  0 |    0 |   0 |       0 | hdmi_i/mig_7series_0/u_hdmi_mig_7series_0_0_mig/u_ddr3_infrastructure/ui_addn_clk_1         |
| g10   | n/a   | BUFG/O          | None       |           0 |              13 |   13 |      2 |    0 |   0 |  0 |    0 |   0 |       0 | hdmi_i/packaged_joystick_0/PmodJSTK_Demo_M1/PmodJSTK_Int/iSCLK                              |
+-------+-------+-----------------+------------+-------------+-----------------+------+--------+------+-----+----+------+-----+---------+---------------------------------------------------------------------------------------------+
* Note: Multiple constraint types applied to the driver. Please check for potential conflicts.


12. Cell Type Counts per Global Clock: Region X1Y3
--------------------------------------------------

+-------+-------+-----------------+------------+-------------+-----------------+------+--------+------+-----+----+------+-----+---------+-------------------------------------------------------------------------------------+
| GlbID | Track | Driver Type/Pin | Constraint | Clock Loads | Non-Clock Loads | FF   | LUTRAM | RAMB | DSP | GT | MMCM | PLL | Hard IP | Net                                                                                 |
+-------+-------+-----------------+------------+-------------+-----------------+------+--------+------+-----+----+------+-----+---------+-------------------------------------------------------------------------------------+
| g0    | n/a   | BUFG/O          | None       |           1 |            9162 | 9113 |    731 |   19 |   0 |  0 |    1 |   0 |       0 | hdmi_i/mig_7series_0/u_hdmi_mig_7series_0_0_mig/u_ddr3_infrastructure/CLK           |
| g1    | n/a   | BUFG/O          | None       |           0 |               6 |    5 |      3 |    1 |   0 |  0 |    0 |   0 |       0 | hdmi_i/mig_7series_0/u_hdmi_mig_7series_0_0_mig/u_ddr3_infrastructure/ui_addn_clk_0 |
| g9    | n/a   | BUFG/O          | None       |           0 |               9 |    8 |      0 |    0 |   0 |  0 |    0 |   0 |       0 | hdmi_i/mig_7series_0/u_hdmi_mig_7series_0_0_mig/u_ddr3_infrastructure/ui_addn_clk_1 |
| g12   | n/a   | BUFG/O          | None       |           0 |               2 |    0 |      0 |    0 |   0 |  0 |    0 |   0 |       0 | hdmi_i/mig_7series_0/u_hdmi_mig_7series_0_0_mig/u_ddr3_infrastructure/mmcm_ps_clk   |
| g15   | n/a   | BUFH/O          | None       |           1 |               0 |    0 |      0 |    0 |   0 |  0 |    1 |   0 |       0 | hdmi_i/mig_7series_0/u_hdmi_mig_7series_0_0_mig/u_ddr3_infrastructure/pll_clk3      |
+-------+-------+-----------------+------------+-------------+-----------------+------+--------+------+-----+----+------+-----+---------+-------------------------------------------------------------------------------------+
* Note: Multiple constraint types applied to the driver. Please check for potential conflicts.


13. Cell Type Counts per Global Clock: Region X0Y4
--------------------------------------------------

+-------+-------+-----------------+------------+-------------+-----------------+------+--------+------+-----+----+------+-----+---------+---------------------------------------------------------------------------+
| GlbID | Track | Driver Type/Pin | Constraint | Clock Loads | Non-Clock Loads | FF   | LUTRAM | RAMB | DSP | GT | MMCM | PLL | Hard IP | Net                                                                       |
+-------+-------+-----------------+------------+-------------+-----------------+------+--------+------+-----+----+------+-----+---------+---------------------------------------------------------------------------+
| g0    | n/a   | BUFG/O          | None       |           1 |            1692 | 1688 |     48 |    1 |   3 |  0 |    0 |   1 |       0 | hdmi_i/mig_7series_0/u_hdmi_mig_7series_0_0_mig/u_ddr3_infrastructure/CLK |
| g7    | n/a   | BUFG/O          | None       |           0 |             270 |  270 |     24 |    0 |   0 |  0 |    0 |   0 |       0 | hdmi_i/mdm_1/U0/Ext_JTAG_DRCK                                             |
| g11   | n/a   | BUFG/O          | None       |           0 |              90 |   90 |      1 |    0 |   0 |  0 |    0 |   0 |       0 | hdmi_i/mdm_1/U0/Ext_JTAG_UPDATE                                           |
+-------+-------+-----------------+------------+-------------+-----------------+------+--------+------+-----+----+------+-----+---------+---------------------------------------------------------------------------+
* Note: Multiple constraint types applied to the driver. Please check for potential conflicts.


14. Cell Type Counts per Global Clock: Region X1Y4
--------------------------------------------------

+-------+-------+-----------------+------------+-------------+-----------------+------+--------+------+-----+----+------+-----+---------+-----------------------------------------------------------------------------------+
| GlbID | Track | Driver Type/Pin | Constraint | Clock Loads | Non-Clock Loads | FF   | LUTRAM | RAMB | DSP | GT | MMCM | PLL | Hard IP | Net                                                                               |
+-------+-------+-----------------+------------+-------------+-----------------+------+--------+------+-----+----+------+-----+---------+-----------------------------------------------------------------------------------+
| g0    | n/a   | BUFG/O          | None       |           0 |            4126 | 4126 |     57 |    0 |   0 |  0 |    0 |   0 |       0 | hdmi_i/mig_7series_0/u_hdmi_mig_7series_0_0_mig/u_ddr3_infrastructure/CLK         |
| g12   | n/a   | BUFG/O          | None       |           0 |               5 |    5 |      1 |    0 |   0 |  0 |    0 |   0 |       0 | hdmi_i/mig_7series_0/u_hdmi_mig_7series_0_0_mig/u_ddr3_infrastructure/mmcm_ps_clk |
+-------+-------+-----------------+------------+-------------+-----------------+------+--------+------+-----+----+------+-----+---------+-----------------------------------------------------------------------------------+
* Note: Multiple constraint types applied to the driver. Please check for potential conflicts.


15. Load Cell Placement Summary for Global Clock g0
---------------------------------------------------

+-------+-----------------+-------------------+----------+-------------+---------------+----------+-------------+----------+-------------+----+---------------------------------------------------------------------------+
| GlbID | Driver Type/Pin | Driver Region (D) | Clock    | Period (ns) | Waveform (ns) | Root (R) | Slice Loads | IO Loads | Clock Loads | GT | Net                                                                       |
+-------+-----------------+-------------------+----------+-------------+---------------+----------+-------------+----------+-------------+----+---------------------------------------------------------------------------+
| g0    | BUFG/O          | n/a               | Multiple |      10.000 | {0.000 5.000} |          |       24067 |        0 |           3 |  0 | hdmi_i/mig_7series_0/u_hdmi_mig_7series_0_0_mig/u_ddr3_infrastructure/CLK |
+-------+-----------------+-------------------+----------+-------------+---------------+----------+-------------+----------+-------------+----+---------------------------------------------------------------------------+


+----+-------+-------+
|    | X0    | X1    |
+----+-------+-------+
| Y4 |  1693 |  4126 |
| Y3 |  5702 |  9163 |
| Y2 |   967 |  2362 |
| Y1 |     5 |    52 |
| Y0 |     0 |     0 |
+----+-------+-------+


16. Load Cell Placement Summary for Global Clock g1
---------------------------------------------------

+-------+-----------------+-------------------+----------+-------------+---------------+----------+-------------+----------+-------------+----+-------------------------------------------------------------------------------------+
| GlbID | Driver Type/Pin | Driver Region (D) | Clock    | Period (ns) | Waveform (ns) | Root (R) | Slice Loads | IO Loads | Clock Loads | GT | Net                                                                                 |
+-------+-----------------+-------------------+----------+-------------+---------------+----------+-------------+----------+-------------+----+-------------------------------------------------------------------------------------+
| g1    | BUFG/O          | n/a               | Multiple |       6.250 | {0.000 3.125} |          |        3608 |        0 |           0 |  0 | hdmi_i/mig_7series_0/u_hdmi_mig_7series_0_0_mig/u_ddr3_infrastructure/ui_addn_clk_0 |
+-------+-----------------+-------------------+----------+-------------+---------------+----------+-------------+----------+-------------+----+-------------------------------------------------------------------------------------+


+----+-------+------+
|    | X0    | X1   |
+----+-------+------+
| Y4 |     0 |    0 |
| Y3 |    76 |    6 |
| Y2 |  3069 |  454 |
| Y1 |     3 |    0 |
| Y0 |     0 |    0 |
+----+-------+------+


17. Load Cell Placement Summary for Global Clock g2
---------------------------------------------------

+-------+-----------------+-------------------+----------+-------------+---------------+----------+-------------+----------+-------------+----+----------------------------------+
| GlbID | Driver Type/Pin | Driver Region (D) | Clock    | Period (ns) | Waveform (ns) | Root (R) | Slice Loads | IO Loads | Clock Loads | GT | Net                              |
+-------+-----------------+-------------------+----------+-------------+---------------+----------+-------------+----------+-------------+----+----------------------------------+
| g2    | BUFR/O          | X1Y2              | Multiple |      10.000 | {0.000 4.000} |          |        1646 |        8 |           0 |  0 | hdmi_i/axi_dynclk_0/U0/PXL_CLK_O |
+-------+-----------------+-------------------+----------+-------------+---------------+----------+-------------+----------+-------------+----+----------------------------------+


+----+----+-----------+
|    | X0 | X1        |
+----+----+-----------+
| Y4 |  0 |         0 |
| Y3 |  0 |         0 |
| Y2 |  0 |  (D) 1654 |
| Y1 |  0 |         0 |
| Y0 |  0 |         0 |
+----+----+-----------+


18. Load Cell Placement Summary for Global Clock g4
---------------------------------------------------

+-------+-----------------+-------------------+--------------------+-------------+---------------+----------+-------------+----------+-------------+----+----------------------------------------+
| GlbID | Driver Type/Pin | Driver Region (D) | Clock              | Period (ns) | Waveform (ns) | Root (R) | Slice Loads | IO Loads | Clock Loads | GT | Net                                    |
+-------+-----------------+-------------------+--------------------+-------------+---------------+----------+-------------+----------+-------------+----+----------------------------------------+
| g4    | BUFR/O          | X1Y2              | dvi2rgb_0_PixelClk |      12.500 | {0.000 5.000} |          |        1859 |        6 |           0 |  0 | hdmi_i/dvi2rgb_0/U0/TMDS_ClockingX/CLK |
+-------+-----------------+-------------------+--------------------+-------------+---------------+----------+-------------+----------+-------------+----+----------------------------------------+


+----+----+-----------+
|    | X0 | X1        |
+----+----+-----------+
| Y4 |  0 |         0 |
| Y3 |  0 |         0 |
| Y2 |  0 |  (D) 1865 |
| Y1 |  0 |         0 |
| Y0 |  0 |         0 |
+----+----+-----------+


19. Load Cell Placement Summary for Global Clock g6
---------------------------------------------------

+-------+-----------------+-------------------+----------+-------------+----------------+----------+-------------+----------+-------------+----+---------------------------------------------------------------------------------------------+
| GlbID | Driver Type/Pin | Driver Region (D) | Clock    | Period (ns) | Waveform (ns)  | Root (R) | Slice Loads | IO Loads | Clock Loads | GT | Net                                                                                         |
+-------+-----------------+-------------------+----------+-------------+----------------+----------+-------------+----------+-------------+----+---------------------------------------------------------------------------------------------+
| g6    | BUFG/O          | n/a               | Multiple |      81.373 | {0.000 40.686} |          |         198 |        0 |           0 |  0 | hdmi_i/d_axi_i2s_audio_0/U0/d_axi_i2s_audio_v2_0_AXI_L_inst/Inst_I2sCtl/Inst_Dcm/CLK_12_288 |
+-------+-----------------+-------------------+----------+-------------+----------------+----------+-------------+----------+-------------+----+---------------------------------------------------------------------------------------------+


+----+------+----+
|    | X0   | X1 |
+----+------+----+
| Y4 |    0 |  0 |
| Y3 |  197 |  0 |
| Y2 |    0 |  1 |
| Y1 |    0 |  0 |
| Y0 |    0 |  0 |
+----+------+----+


20. Load Cell Placement Summary for Global Clock g7
---------------------------------------------------

+-------+-----------------+-------------------+---------------------------------------+-------------+----------------+----------+-------------+----------+-------------+----+-------------------------------+
| GlbID | Driver Type/Pin | Driver Region (D) | Clock                                 | Period (ns) | Waveform (ns)  | Root (R) | Slice Loads | IO Loads | Clock Loads | GT | Net                           |
+-------+-----------------+-------------------+---------------------------------------+-------------+----------------+----------+-------------+----------+-------------+----+-------------------------------+
| g7    | BUFG/O          | n/a               | hdmi_i/mdm_1/U0/Use_E2.BSCANE2_I/DRCK |      33.333 | {0.000 16.667} |          |         277 |        0 |           0 |  0 | hdmi_i/mdm_1/U0/Ext_JTAG_DRCK |
+-------+-----------------+-------------------+---------------------------------------+-------------+----------------+----------+-------------+----------+-------------+----+-------------------------------+


+----+------+----+
|    | X0   | X1 |
+----+------+----+
| Y4 |  270 |  0 |
| Y3 |    7 |  0 |
| Y2 |    0 |  0 |
| Y1 |    0 |  0 |
| Y0 |    0 |  0 |
+----+------+----+


21. Load Cell Placement Summary for Global Clock g8
---------------------------------------------------

+-------+-----------------+-------------------+-------------------------------------------------------------------+-------------+----------------+----------+-------------+----------+-------------+----+--------------------+
| GlbID | Driver Type/Pin | Driver Region (D) | Clock                                                             | Period (ns) | Waveform (ns)  | Root (R) | Slice Loads | IO Loads | Clock Loads | GT | Net                |
+-------+-----------------+-------------------+-------------------------------------------------------------------+-------------+----------------+----------+-------------+----------+-------------+----+--------------------+
| g8    | BUFG/O          | n/a               | dbg_hub/inst/N_EXT_BSCAN.bscan_inst/SERIES7_BSCAN.bscan_inst/DRCK |      30.000 | {0.000 15.000} |          |         209 |        0 |           0 |  0 | dbg_hub/inst/idrck |
+-------+-----------------+-------------------+-------------------------------------------------------------------+-------------+----------------+----------+-------------+----------+-------------+----+--------------------+


+----+------+----+
|    | X0   | X1 |
+----+------+----+
| Y4 |    0 |  0 |
| Y3 |    0 |  0 |
| Y2 |  209 |  0 |
| Y1 |    0 |  0 |
| Y0 |    0 |  0 |
+----+------+----+


22. Load Cell Placement Summary for Global Clock g9
---------------------------------------------------

+-------+-----------------+-------------------+----------+-------------+---------------+----------+-------------+----------+-------------+----+-------------------------------------------------------------------------------------+
| GlbID | Driver Type/Pin | Driver Region (D) | Clock    | Period (ns) | Waveform (ns) | Root (R) | Slice Loads | IO Loads | Clock Loads | GT | Net                                                                                 |
+-------+-----------------+-------------------+----------+-------------+---------------+----------+-------------+----------+-------------+----+-------------------------------------------------------------------------------------+
| g9    | BUFG/O          | n/a               | Multiple |       5.000 | {0.000 2.500} |          |         187 |        0 |           0 |  0 | hdmi_i/mig_7series_0/u_hdmi_mig_7series_0_0_mig/u_ddr3_infrastructure/ui_addn_clk_1 |
+-------+-----------------+-------------------+----------+-------------+---------------+----------+-------------+----------+-------------+----+-------------------------------------------------------------------------------------+


+----+-----+------+
|    | X0  | X1   |
+----+-----+------+
| Y4 |   0 |    0 |
| Y3 |  29 |    9 |
| Y2 |   0 |  149 |
| Y1 |   0 |    0 |
| Y0 |   0 |    0 |
+----+-----+------+


23. Load Cell Placement Summary for Global Clock g10
----------------------------------------------------

+-------+-----------------+-------------------+-------+-------------+---------------+----------+-------------+----------+-------------+----+----------------------------------------------------------------+
| GlbID | Driver Type/Pin | Driver Region (D) | Clock | Period (ns) | Waveform (ns) | Root (R) | Slice Loads | IO Loads | Clock Loads | GT | Net                                                            |
+-------+-----------------+-------------------+-------+-------------+---------------+----------+-------------+----------+-------------+----+----------------------------------------------------------------+
| g10   | BUFG/O          | n/a               |       |             |               |          |          55 |        0 |           0 |  0 | hdmi_i/packaged_joystick_0/PmodJSTK_Demo_M1/PmodJSTK_Int/iSCLK |
+-------+-----------------+-------------------+-------+-------------+---------------+----------+-------------+----------+-------------+----+----------------------------------------------------------------+


+----+-----+----+
|    | X0  | X1 |
+----+-----+----+
| Y4 |   0 |  0 |
| Y3 |  13 |  0 |
| Y2 |  42 |  0 |
| Y1 |   0 |  0 |
| Y0 |   0 |  0 |
+----+-----+----+


24. Load Cell Placement Summary for Global Clock g11
----------------------------------------------------

+-------+-----------------+-------------------+-----------------------------------------+-------------+----------------+----------+-------------+----------+-------------+----+---------------------------------+
| GlbID | Driver Type/Pin | Driver Region (D) | Clock                                   | Period (ns) | Waveform (ns)  | Root (R) | Slice Loads | IO Loads | Clock Loads | GT | Net                             |
+-------+-----------------+-------------------+-----------------------------------------+-------------+----------------+----------+-------------+----------+-------------+----+---------------------------------+
| g11   | BUFG/O          | n/a               | hdmi_i/mdm_1/U0/Use_E2.BSCANE2_I/UPDATE |      33.333 | {0.000 16.667} |          |          90 |        0 |           0 |  0 | hdmi_i/mdm_1/U0/Ext_JTAG_UPDATE |
+-------+-----------------+-------------------+-----------------------------------------+-------------+----------------+----------+-------------+----------+-------------+----+---------------------------------+


+----+-----+----+
|    | X0  | X1 |
+----+-----+----+
| Y4 |  90 |  0 |
| Y3 |   0 |  0 |
| Y2 |   0 |  0 |
| Y1 |   0 |  0 |
| Y0 |   0 |  0 |
+----+-----+----+


25. Load Cell Placement Summary for Global Clock g12
----------------------------------------------------

+-------+-----------------+-------------------+----------+-------------+----------------+----------+-------------+----------+-------------+----+-----------------------------------------------------------------------------------+
| GlbID | Driver Type/Pin | Driver Region (D) | Clock    | Period (ns) | Waveform (ns)  | Root (R) | Slice Loads | IO Loads | Clock Loads | GT | Net                                                                               |
+-------+-----------------+-------------------+----------+-------------+----------------+----------+-------------+----------+-------------+----+-----------------------------------------------------------------------------------+
| g12   | BUFG/O          | n/a               | Multiple |      20.000 | {0.000 10.000} |          |           7 |        0 |           0 |  0 | hdmi_i/mig_7series_0/u_hdmi_mig_7series_0_0_mig/u_ddr3_infrastructure/mmcm_ps_clk |
+-------+-----------------+-------------------+----------+-------------+----------------+----------+-------------+----------+-------------+----+-----------------------------------------------------------------------------------+


+----+----+----+
|    | X0 | X1 |
+----+----+----+
| Y4 |  0 |  5 |
| Y3 |  0 |  2 |
| Y2 |  0 |  0 |
| Y1 |  0 |  0 |
| Y0 |  0 |  0 |
+----+----+----+


26. Load Cell Placement Summary for Global Clock g5
---------------------------------------------------

+-------+-----------------+-------------------+-------+-------------+---------------+----------+-------------+----------+-------------+----+----------------------------------------------+
| GlbID | Driver Type/Pin | Driver Region (D) | Clock | Period (ns) | Waveform (ns) | Root (R) | Slice Loads | IO Loads | Clock Loads | GT | Net                                          |
+-------+-----------------+-------------------+-------+-------------+---------------+----------+-------------+----------+-------------+----+----------------------------------------------+
| g5    | BUFIO/O         | X1Y2              | I     |       2.500 | {0.000 1.250} |          |           0 |        6 |           0 |  0 | hdmi_i/dvi2rgb_0/U0/TMDS_ClockingX/SerialClk |
+-------+-----------------+-------------------+-------+-------------+---------------+----------+-------------+----------+-------------+----+----------------------------------------------+


+----+----+--------+
|    | X0 | X1     |
+----+----+--------+
| Y4 |  0 |      0 |
| Y3 |  0 |      0 |
| Y2 |  0 |  (D) 6 |
| Y1 |  0 |      0 |
| Y0 |  0 |      0 |
+----+----+--------+


27. Load Cell Placement Summary for Global Clock g3
---------------------------------------------------

+-------+-----------------+-------------------+----------+-------------+---------------+----------+-------------+----------+-------------+----+-------------------------------------+
| GlbID | Driver Type/Pin | Driver Region (D) | Clock    | Period (ns) | Waveform (ns) | Root (R) | Slice Loads | IO Loads | Clock Loads | GT | Net                                 |
+-------+-----------------+-------------------+----------+-------------+---------------+----------+-------------+----------+-------------+----+-------------------------------------+
| g3    | BUFIO/O         | X1Y2              | Multiple |       2.000 | {0.000 1.000} |          |           0 |        8 |           0 |  0 | hdmi_i/axi_dynclk_0/U0/PXL_CLK_5X_O |
+-------+-----------------+-------------------+----------+-------------+---------------+----------+-------------+----------+-------------+----+-------------------------------------+


+----+----+--------+
|    | X0 | X1     |
+----+----+--------+
| Y4 |  0 |      0 |
| Y3 |  0 |      0 |
| Y2 |  0 |  (D) 8 |
| Y1 |  0 |      0 |
| Y0 |  0 |      0 |
+----+----+--------+


28. Load Cell Placement Summary for Global Clock g13
----------------------------------------------------

+-------+-----------------+-------------------+---------------------------------------------------------------------+-------------+----------------+----------+-------------+----------+-------------+----+--------------------------+
| GlbID | Driver Type/Pin | Driver Region (D) | Clock                                                               | Period (ns) | Waveform (ns)  | Root (R) | Slice Loads | IO Loads | Clock Loads | GT | Net                      |
+-------+-----------------+-------------------+---------------------------------------------------------------------+-------------+----------------+----------+-------------+----------+-------------+----+--------------------------+
| g13   | BUFG/O          | n/a               | dbg_hub/inst/N_EXT_BSCAN.bscan_inst/SERIES7_BSCAN.bscan_inst/UPDATE |      60.000 | {0.000 30.000} |          |           1 |        0 |           0 |  0 | dbg_hub/inst/UPDATE_temp |
+-------+-----------------+-------------------+---------------------------------------------------------------------+-------------+----------------+----------+-------------+----------+-------------+----+--------------------------+


+----+----+----+
|    | X0 | X1 |
+----+----+----+
| Y4 |  0 |  0 |
| Y3 |  0 |  0 |
| Y2 |  1 |  0 |
| Y1 |  0 |  0 |
| Y0 |  0 |  0 |
+----+----+----+


29. Load Cell Placement Summary for Global Clock g14
----------------------------------------------------

+-------+-----------------+-------------------+----------+-------------+---------------+----------+-------------+----------+-------------+----+--------------------------+
| GlbID | Driver Type/Pin | Driver Region (D) | Clock    | Period (ns) | Waveform (ns) | Root (R) | Slice Loads | IO Loads | Clock Loads | GT | Net                      |
+-------+-----------------+-------------------+----------+-------------+---------------+----------+-------------+----------+-------------+----+--------------------------+
| g14   | BUFMR/O         | X1Y1              | Multiple |       2.000 | {0.000 1.000} |          |           0 |        0 |           2 |  0 | hdmi_i/axi_dynclk_0/U0/I |
+-------+-----------------+-------------------+----------+-------------+---------------+----------+-------------+----------+-------------+----+--------------------------+


+----+----+--------+
|    | X0 | X1     |
+----+----+--------+
| Y4 |  0 |      0 |
| Y3 |  0 |      0 |
| Y2 |  0 |      2 |
| Y1 |  0 |  (D) 0 |
| Y0 |  0 |      0 |
+----+----+--------+


30. Load Cell Placement Summary for Global Clock g15
----------------------------------------------------

+-------+-----------------+-------------------+----------+-------------+---------------+----------+-------------+----------+-------------+----+--------------------------------------------------------------------------------+
| GlbID | Driver Type/Pin | Driver Region (D) | Clock    | Period (ns) | Waveform (ns) | Root (R) | Slice Loads | IO Loads | Clock Loads | GT | Net                                                                            |
+-------+-----------------+-------------------+----------+-------------+---------------+----------+-------------+----------+-------------+----+--------------------------------------------------------------------------------+
| g15   | BUFH/O          | X1Y3              | Multiple |      10.000 | {0.000 5.000} |          |           0 |        0 |           1 |  0 | hdmi_i/mig_7series_0/u_hdmi_mig_7series_0_0_mig/u_ddr3_infrastructure/pll_clk3 |
+-------+-----------------+-------------------+----------+-------------+---------------+----------+-------------+----------+-------------+----+--------------------------------------------------------------------------------+


+----+----+--------+
|    | X0 | X1     |
+----+----+--------+
| Y4 |  0 |      0 |
| Y3 |  0 |  (D) 1 |
| Y2 |  0 |      0 |
| Y1 |  0 |      0 |
| Y0 |  0 |      0 |
+----+----+--------+



# Location of BUFG Primitives 
set_property LOC BUFGCTRL_X0Y2 [get_cells hdmi_i/packaged_joystick_0/SS_reg_i_3]
set_property LOC BUFGCTRL_X0Y18 [get_cells hdmi_i/mig_7series_0/u_hdmi_mig_7series_0_0_mig/u_ddr3_infrastructure/gen_ui_extra_clocks.u_bufg_ui_addn_clk_1]
set_property LOC BUFGCTRL_X0Y20 [get_cells hdmi_i/mig_7series_0/u_hdmi_mig_7series_0_0_mig/u_ddr3_infrastructure/gen_ui_extra_clocks.u_bufg_ui_addn_clk_0]
set_property LOC BUFGCTRL_X0Y19 [get_cells hdmi_i/mig_7series_0/u_hdmi_mig_7series_0_0_mig/u_ddr3_infrastructure/gen_ui_extra_clocks.u_bufg_mmcm_ps_clk]
set_property LOC BUFGCTRL_X0Y16 [get_cells hdmi_i/mig_7series_0/u_hdmi_mig_7series_0_0_mig/u_ddr3_infrastructure/u_bufg_clkdiv0]
set_property LOC BUFGCTRL_X0Y3 [get_cells hdmi_i/mdm_1/U0/Ext_JTAG_UPDATE_BUFG_inst]
set_property LOC BUFGCTRL_X0Y0 [get_cells hdmi_i/mdm_1/U0/No_Dbg_Reg_Access.BUFG_DRCK]
set_property LOC BUFGCTRL_X0Y17 [get_cells hdmi_i/d_axi_i2s_audio_0/U0/d_axi_i2s_audio_v2_0_AXI_L_inst/Inst_I2sCtl/Inst_Dcm/clkout1_buf]
set_property LOC BUFGCTRL_X0Y1 [get_cells dbg_hub/inst/N_EXT_BSCAN.u_bufg_icon]
set_property LOC BUFGCTRL_X0Y4 [get_cells dbg_hub/inst/N_EXT_BSCAN.u_bufg_icon_update]

# Location of BUFH Primitives 
set_property LOC BUFHCE_X1Y36 [get_cells hdmi_i/mig_7series_0/u_hdmi_mig_7series_0_0_mig/u_ddr3_infrastructure/u_bufh_pll_clk3]

# Location of BUFIO Primitives 
set_property LOC BUFIO_X1Y9 [get_cells hdmi_i/dvi2rgb_0/U0/TMDS_ClockingX/SerialClkBuffer]
set_property LOC BUFIO_X1Y8 [get_cells hdmi_i/axi_dynclk_0/U0/BUFIO_inst]

# Location of BUFMR Primitives 
set_property LOC BUFMRCE_X1Y2 [get_cells hdmi_i/axi_dynclk_0/U0/BUFMR_inst]

# Location of BUFR Primitives 
set_property LOC BUFR_X1Y9 [get_cells hdmi_i/dvi2rgb_0/U0/TMDS_ClockingX/PixelClkBuffer]
set_property LOC BUFR_X1Y8 [get_cells hdmi_i/axi_dynclk_0/U0/BUFR_inst]

# Location of IO Primitives which is load of clock spine

# Location of clock ports
set_property LOC IOB_X1Y125 [get_ports TMDS_IN_clk_n]
set_property LOC IOB_X1Y126 [get_ports TMDS_IN_clk_p]
set_property LOC IOB_X1Y124 [get_ports sys_clk_i]

# Clock net "hdmi_i/packaged_joystick_0/PmodJSTK_Demo_M1/PmodJSTK_Int/iSCLK" driven by instance "hdmi_i/packaged_joystick_0/SS_reg_i_3" located at site "BUFGCTRL_X0Y2"
#startgroup
create_pblock {CLKAG_hdmi_i/packaged_joystick_0/PmodJSTK_Demo_M1/PmodJSTK_Int/iSCLK}
add_cells_to_pblock [get_pblocks  {CLKAG_hdmi_i/packaged_joystick_0/PmodJSTK_Demo_M1/PmodJSTK_Int/iSCLK}] [get_cells -filter { PRIMITIVE_GROUP != I/O && IS_PRIMITIVE==1 && PRIMITIVE_LEVEL !=INTERNAL } -of_object [get_pins -filter {DIRECTION==IN} -of_objects [get_nets -hierarchical -filter {PARENT=="hdmi_i/packaged_joystick_0/PmodJSTK_Demo_M1/PmodJSTK_Int/iSCLK"}]]]
resize_pblock [get_pblocks {CLKAG_hdmi_i/packaged_joystick_0/PmodJSTK_Demo_M1/PmodJSTK_Int/iSCLK}] -add {CLOCKREGION_X0Y2:CLOCKREGION_X0Y2 CLOCKREGION_X0Y3:CLOCKREGION_X0Y3}
#endgroup

# Clock net "hdmi_i/mig_7series_0/u_hdmi_mig_7series_0_0_mig/u_ddr3_infrastructure/ui_addn_clk_1" driven by instance "hdmi_i/mig_7series_0/u_hdmi_mig_7series_0_0_mig/u_ddr3_infrastructure/gen_ui_extra_clocks.u_bufg_ui_addn_clk_1" located at site "BUFGCTRL_X0Y18"
#startgroup
create_pblock {CLKAG_hdmi_i/mig_7series_0/u_hdmi_mig_7series_0_0_mig/u_ddr3_infrastructure/ui_addn_clk_1}
add_cells_to_pblock [get_pblocks  {CLKAG_hdmi_i/mig_7series_0/u_hdmi_mig_7series_0_0_mig/u_ddr3_infrastructure/ui_addn_clk_1}] [get_cells -filter { PRIMITIVE_GROUP != I/O && IS_PRIMITIVE==1 && PRIMITIVE_LEVEL !=INTERNAL } -of_object [get_pins -filter {DIRECTION==IN} -of_objects [get_nets -hierarchical -filter {PARENT=="hdmi_i/mig_7series_0/u_hdmi_mig_7series_0_0_mig/u_ddr3_infrastructure/ui_addn_clk_1"}]]]
resize_pblock [get_pblocks {CLKAG_hdmi_i/mig_7series_0/u_hdmi_mig_7series_0_0_mig/u_ddr3_infrastructure/ui_addn_clk_1}] -add {CLOCKREGION_X0Y3:CLOCKREGION_X0Y3 CLOCKREGION_X1Y2:CLOCKREGION_X1Y2 CLOCKREGION_X1Y3:CLOCKREGION_X1Y3}
#endgroup

# Clock net "hdmi_i/mig_7series_0/u_hdmi_mig_7series_0_0_mig/u_ddr3_infrastructure/ui_addn_clk_0" driven by instance "hdmi_i/mig_7series_0/u_hdmi_mig_7series_0_0_mig/u_ddr3_infrastructure/gen_ui_extra_clocks.u_bufg_ui_addn_clk_0" located at site "BUFGCTRL_X0Y20"
#startgroup
create_pblock {CLKAG_hdmi_i/mig_7series_0/u_hdmi_mig_7series_0_0_mig/u_ddr3_infrastructure/ui_addn_clk_0}
add_cells_to_pblock [get_pblocks  {CLKAG_hdmi_i/mig_7series_0/u_hdmi_mig_7series_0_0_mig/u_ddr3_infrastructure/ui_addn_clk_0}] [get_cells -filter { PRIMITIVE_GROUP != I/O && IS_PRIMITIVE==1 && PRIMITIVE_LEVEL !=INTERNAL } -of_object [get_pins -filter {DIRECTION==IN} -of_objects [get_nets -hierarchical -filter {PARENT=="hdmi_i/mig_7series_0/u_hdmi_mig_7series_0_0_mig/u_ddr3_infrastructure/ui_addn_clk_0"}]]]
resize_pblock [get_pblocks {CLKAG_hdmi_i/mig_7series_0/u_hdmi_mig_7series_0_0_mig/u_ddr3_infrastructure/ui_addn_clk_0}] -add {CLOCKREGION_X0Y1:CLOCKREGION_X0Y1 CLOCKREGION_X0Y2:CLOCKREGION_X0Y2 CLOCKREGION_X0Y3:CLOCKREGION_X0Y3 CLOCKREGION_X1Y2:CLOCKREGION_X1Y2 CLOCKREGION_X1Y3:CLOCKREGION_X1Y3}
#endgroup

# Clock net "hdmi_i/mig_7series_0/u_hdmi_mig_7series_0_0_mig/u_ddr3_infrastructure/mmcm_ps_clk" driven by instance "hdmi_i/mig_7series_0/u_hdmi_mig_7series_0_0_mig/u_ddr3_infrastructure/gen_ui_extra_clocks.u_bufg_mmcm_ps_clk" located at site "BUFGCTRL_X0Y19"
#startgroup
create_pblock {CLKAG_hdmi_i/mig_7series_0/u_hdmi_mig_7series_0_0_mig/u_ddr3_infrastructure/mmcm_ps_clk}
add_cells_to_pblock [get_pblocks  {CLKAG_hdmi_i/mig_7series_0/u_hdmi_mig_7series_0_0_mig/u_ddr3_infrastructure/mmcm_ps_clk}] [get_cells -filter { PRIMITIVE_GROUP != I/O && IS_PRIMITIVE==1 && PRIMITIVE_LEVEL !=INTERNAL } -of_object [get_pins -filter {DIRECTION==IN} -of_objects [get_nets -hierarchical -filter {PARENT=="hdmi_i/mig_7series_0/u_hdmi_mig_7series_0_0_mig/u_ddr3_infrastructure/mmcm_ps_clk"}]]]
resize_pblock [get_pblocks {CLKAG_hdmi_i/mig_7series_0/u_hdmi_mig_7series_0_0_mig/u_ddr3_infrastructure/mmcm_ps_clk}] -add {CLOCKREGION_X1Y3:CLOCKREGION_X1Y3 CLOCKREGION_X1Y4:CLOCKREGION_X1Y4}
#endgroup

# Clock net "hdmi_i/mig_7series_0/u_hdmi_mig_7series_0_0_mig/u_ddr3_infrastructure/CLK" driven by instance "hdmi_i/mig_7series_0/u_hdmi_mig_7series_0_0_mig/u_ddr3_infrastructure/u_bufg_clkdiv0" located at site "BUFGCTRL_X0Y16"
#startgroup
create_pblock {CLKAG_hdmi_i/mig_7series_0/u_hdmi_mig_7series_0_0_mig/u_ddr3_infrastructure/CLK}
add_cells_to_pblock [get_pblocks  {CLKAG_hdmi_i/mig_7series_0/u_hdmi_mig_7series_0_0_mig/u_ddr3_infrastructure/CLK}] [get_cells -filter { PRIMITIVE_GROUP != I/O && IS_PRIMITIVE==1 && PRIMITIVE_LEVEL !=INTERNAL && NAME!=hdmi_i/mig_7series_0/u_hdmi_mig_7series_0_0_mig/u_ddr3_infrastructure/gen_ui_extra_clocks.mmcm_i && NAME!=hdmi_i/d_axi_i2s_audio_0/U0/d_axi_i2s_audio_v2_0_AXI_L_inst/Inst_I2sCtl/Inst_Dcm/plle2_adv_inst && NAME!=hdmi_i/axi_dynclk_0/U0/Inst_mmcme2_drp/mmcm_adv_inst} -of_object [get_pins -filter {DIRECTION==IN} -of_objects [get_nets -hierarchical -filter {PARENT=="hdmi_i/mig_7series_0/u_hdmi_mig_7series_0_0_mig/u_ddr3_infrastructure/CLK"}]]]
resize_pblock [get_pblocks {CLKAG_hdmi_i/mig_7series_0/u_hdmi_mig_7series_0_0_mig/u_ddr3_infrastructure/CLK}] -add {CLOCKREGION_X0Y1:CLOCKREGION_X0Y1 CLOCKREGION_X0Y2:CLOCKREGION_X0Y2 CLOCKREGION_X0Y3:CLOCKREGION_X0Y3 CLOCKREGION_X0Y4:CLOCKREGION_X0Y4 CLOCKREGION_X1Y1:CLOCKREGION_X1Y1 CLOCKREGION_X1Y2:CLOCKREGION_X1Y2 CLOCKREGION_X1Y3:CLOCKREGION_X1Y3 CLOCKREGION_X1Y4:CLOCKREGION_X1Y4}
#endgroup

# Clock net "hdmi_i/mdm_1/U0/Ext_JTAG_UPDATE" driven by instance "hdmi_i/mdm_1/U0/Ext_JTAG_UPDATE_BUFG_inst" located at site "BUFGCTRL_X0Y3"
#startgroup
create_pblock {CLKAG_hdmi_i/mdm_1/U0/Ext_JTAG_UPDATE}
add_cells_to_pblock [get_pblocks  {CLKAG_hdmi_i/mdm_1/U0/Ext_JTAG_UPDATE}] [get_cells -filter { PRIMITIVE_GROUP != I/O && IS_PRIMITIVE==1 && PRIMITIVE_LEVEL !=INTERNAL } -of_object [get_pins -filter {DIRECTION==IN} -of_objects [get_nets -hierarchical -filter {PARENT=="hdmi_i/mdm_1/U0/Ext_JTAG_UPDATE"}]]]
resize_pblock [get_pblocks {CLKAG_hdmi_i/mdm_1/U0/Ext_JTAG_UPDATE}] -add {CLOCKREGION_X0Y4:CLOCKREGION_X0Y4}
#endgroup

# Clock net "hdmi_i/mdm_1/U0/Ext_JTAG_DRCK" driven by instance "hdmi_i/mdm_1/U0/No_Dbg_Reg_Access.BUFG_DRCK" located at site "BUFGCTRL_X0Y0"
#startgroup
create_pblock {CLKAG_hdmi_i/mdm_1/U0/Ext_JTAG_DRCK}
add_cells_to_pblock [get_pblocks  {CLKAG_hdmi_i/mdm_1/U0/Ext_JTAG_DRCK}] [get_cells -filter { PRIMITIVE_GROUP != I/O && IS_PRIMITIVE==1 && PRIMITIVE_LEVEL !=INTERNAL } -of_object [get_pins -filter {DIRECTION==IN} -of_objects [get_nets -hierarchical -filter {PARENT=="hdmi_i/mdm_1/U0/Ext_JTAG_DRCK"}]]]
resize_pblock [get_pblocks {CLKAG_hdmi_i/mdm_1/U0/Ext_JTAG_DRCK}] -add {CLOCKREGION_X0Y3:CLOCKREGION_X0Y3 CLOCKREGION_X0Y4:CLOCKREGION_X0Y4}
#endgroup

# Clock net "hdmi_i/dvi2rgb_0/U0/TMDS_ClockingX/CLK" driven by instance "hdmi_i/dvi2rgb_0/U0/TMDS_ClockingX/PixelClkBuffer" located at site "BUFR_X1Y9"
#startgroup
create_pblock {CLKAG_hdmi_i/dvi2rgb_0/U0/TMDS_ClockingX/CLK}
add_cells_to_pblock [get_pblocks  {CLKAG_hdmi_i/dvi2rgb_0/U0/TMDS_ClockingX/CLK}] [get_cells -filter { PRIMITIVE_GROUP != I/O && IS_PRIMITIVE==1 && PRIMITIVE_LEVEL !=INTERNAL } -of_object [get_pins -filter {DIRECTION==IN} -of_objects [get_nets -hierarchical -filter {PARENT=="hdmi_i/dvi2rgb_0/U0/TMDS_ClockingX/CLK"}]]]
resize_pblock [get_pblocks {CLKAG_hdmi_i/dvi2rgb_0/U0/TMDS_ClockingX/CLK}] -add {CLOCKREGION_X1Y2:CLOCKREGION_X1Y2}
#endgroup

# Clock net "hdmi_i/d_axi_i2s_audio_0/U0/d_axi_i2s_audio_v2_0_AXI_L_inst/Inst_I2sCtl/Inst_Dcm/CLK_12_288" driven by instance "hdmi_i/d_axi_i2s_audio_0/U0/d_axi_i2s_audio_v2_0_AXI_L_inst/Inst_I2sCtl/Inst_Dcm/clkout1_buf" located at site "BUFGCTRL_X0Y17"
#startgroup
create_pblock {CLKAG_hdmi_i/d_axi_i2s_audio_0/U0/d_axi_i2s_audio_v2_0_AXI_L_inst/Inst_I2sCtl/Inst_Dcm/CLK_12_288}
add_cells_to_pblock [get_pblocks  {CLKAG_hdmi_i/d_axi_i2s_audio_0/U0/d_axi_i2s_audio_v2_0_AXI_L_inst/Inst_I2sCtl/Inst_Dcm/CLK_12_288}] [get_cells -filter { PRIMITIVE_GROUP != I/O && IS_PRIMITIVE==1 && PRIMITIVE_LEVEL !=INTERNAL } -of_object [get_pins -filter {DIRECTION==IN} -of_objects [get_nets -hierarchical -filter {PARENT=="hdmi_i/d_axi_i2s_audio_0/U0/d_axi_i2s_audio_v2_0_AXI_L_inst/Inst_I2sCtl/Inst_Dcm/CLK_12_288"}]]]
resize_pblock [get_pblocks {CLKAG_hdmi_i/d_axi_i2s_audio_0/U0/d_axi_i2s_audio_v2_0_AXI_L_inst/Inst_I2sCtl/Inst_Dcm/CLK_12_288}] -add {CLOCKREGION_X0Y3:CLOCKREGION_X0Y3 CLOCKREGION_X1Y2:CLOCKREGION_X1Y2}
#endgroup

# Clock net "hdmi_i/axi_dynclk_0/U0/PXL_CLK_O" driven by instance "hdmi_i/axi_dynclk_0/U0/BUFR_inst" located at site "BUFR_X1Y8"
#startgroup
create_pblock {CLKAG_hdmi_i/axi_dynclk_0/U0/PXL_CLK_O}
add_cells_to_pblock [get_pblocks  {CLKAG_hdmi_i/axi_dynclk_0/U0/PXL_CLK_O}] [get_cells -filter { PRIMITIVE_GROUP != I/O && IS_PRIMITIVE==1 && PRIMITIVE_LEVEL !=INTERNAL } -of_object [get_pins -filter {DIRECTION==IN} -of_objects [get_nets -hierarchical -filter {PARENT=="hdmi_i/axi_dynclk_0/U0/PXL_CLK_O"}]]]
resize_pblock [get_pblocks {CLKAG_hdmi_i/axi_dynclk_0/U0/PXL_CLK_O}] -add {CLOCKREGION_X1Y2:CLOCKREGION_X1Y2}
#endgroup

# Clock net "dbg_hub/inst/idrck" driven by instance "dbg_hub/inst/N_EXT_BSCAN.u_bufg_icon" located at site "BUFGCTRL_X0Y1"
#startgroup
create_pblock {CLKAG_dbg_hub/inst/idrck}
add_cells_to_pblock [get_pblocks  {CLKAG_dbg_hub/inst/idrck}] [get_cells -filter { PRIMITIVE_GROUP != I/O && IS_PRIMITIVE==1 && PRIMITIVE_LEVEL !=INTERNAL } -of_object [get_pins -filter {DIRECTION==IN} -of_objects [get_nets -hierarchical -filter {PARENT=="dbg_hub/inst/idrck"}]]]
resize_pblock [get_pblocks {CLKAG_dbg_hub/inst/idrck}] -add {CLOCKREGION_X0Y2:CLOCKREGION_X0Y2}
#endgroup

# Clock net "dbg_hub/inst/UPDATE_temp" driven by instance "dbg_hub/inst/N_EXT_BSCAN.u_bufg_icon_update" located at site "BUFGCTRL_X0Y4"
#startgroup
create_pblock {CLKAG_dbg_hub/inst/UPDATE_temp}
add_cells_to_pblock [get_pblocks  {CLKAG_dbg_hub/inst/UPDATE_temp}] [get_cells -filter { PRIMITIVE_GROUP != I/O && IS_PRIMITIVE==1 && PRIMITIVE_LEVEL !=INTERNAL } -of_object [get_pins -filter {DIRECTION==IN} -of_objects [get_nets -hierarchical -filter {PARENT=="dbg_hub/inst/UPDATE_temp"}]]]
resize_pblock [get_pblocks {CLKAG_dbg_hub/inst/UPDATE_temp}] -add {CLOCKREGION_X0Y2:CLOCKREGION_X0Y2}
#endgroup
